2015-02-14 19:47:15,852 - 73 - INFO     -  
2015-02-14 19:47:15,854 - 74 - INFO     -  
2015-02-14 19:47:15,856 - 75 - INFO     - ======================================================
2015-02-14 19:47:15,857 - 76 - INFO     - start service
2015-02-14 19:47:15,859 - 77 - INFO     - ======================================================
2015-02-14 19:47:15,861 - 81 - INFO     - create interrupt for GPIO [18]
2015-02-14 19:47:15,867 - 82 - INFO     -  -> Event type: [FE]
2015-02-14 19:47:15,882 - 95 - INFO     - service up and running, waiting for interrupts
2015-02-14 19:47:50,317 - 41 - INFO     - falling edge detected on channel [18]
2015-02-14 19:47:50,328 - 48 - INFO     - calling ->		http://192.168.1.70:82/api/
2015-02-14 19:47:50,339 - 49 - INFO     -           		application/json
2015-02-14 19:47:50,343 - 50 - INFO     -           		POST
2015-02-14 19:47:50,346 - 51 - INFO     -           		{ "jsonrpc":"2.0","method":"SetValueInteger","params":[30393,1],"id":1}
2015-02-14 19:47:50,361 - 52 - INFO     -           		andi.zaugg@port80.ch
2015-02-14 19:47:50,364 - 53 - INFO     -           		service
2015-02-14 19:47:50,746 - 58 - INFO     - response:{"result":true,"id":1,"jsonrpc":"2.0"}
2015-02-14 19:48:05,151 - 65 - INFO     - risign edge detected on channel [18]
2015-02-14 19:48:11,108 - 41 - INFO     - falling edge detected on channel [18]
2015-02-14 19:48:11,122 - 48 - INFO     - calling ->		http://192.168.1.70:82/api/
2015-02-14 19:48:11,125 - 49 - INFO     -           		application/json
2015-02-14 19:48:11,128 - 50 - INFO     -           		POST
2015-02-14 19:48:11,135 - 51 - INFO     -           		{ "jsonrpc":"2.0","method":"SetValueInteger","params":[30393,1],"id":1}
2015-02-14 19:48:11,141 - 52 - INFO     -           		andi.zaugg@port80.ch
2015-02-14 19:48:11,151 - 53 - INFO     -           		service
2015-02-14 19:48:11,401 - 58 - INFO     - response:{"result":true,"id":1,"jsonrpc":"2.0"}
2015-02-14 19:48:12,860 - 65 - INFO     - risign edge detected on channel [18]
2015-02-14 19:48:15,920 - 95 - INFO     - service up and running, waiting for interrupts
2015-02-14 19:48:18,987 - 41 - INFO     - falling edge detected on channel [18]
2015-02-14 19:48:18,994 - 48 - INFO     - calling ->		http://192.168.1.70:82/api/
2015-02-14 19:48:19,007 - 49 - INFO     -           		application/json
2015-02-14 19:48:19,011 - 50 - INFO     -           		POST
2015-02-14 19:48:19,014 - 51 - INFO     -           		{ "jsonrpc":"2.0","method":"SetValueInteger","params":[30393,1],"id":1}
2015-02-14 19:48:19,021 - 52 - INFO     -           		andi.zaugg@port80.ch
2015-02-14 19:48:19,024 - 53 - INFO     -           		service
2015-02-14 19:48:19,272 - 58 - INFO     - response:{"result":true,"id":1,"jsonrpc":"2.0"}
2015-02-14 19:48:19,567 - 65 - INFO     - risign edge detected on channel [18]
2015-02-14 19:49:15,950 - 95 - INFO     - service up and running, waiting for interrupts
2015-02-14 19:50:16,018 - 95 - INFO     - service up and running, waiting for interrupts
2015-02-14 19:50:28,900 - 73 - INFO     -  
2015-02-14 19:50:28,904 - 74 - INFO     -  
2015-02-14 19:50:28,907 - 75 - INFO     - ======================================================
2015-02-14 19:50:28,910 - 76 - INFO     - start service
2015-02-14 19:50:28,913 - 77 - INFO     - ======================================================
2015-02-14 19:50:28,916 - 81 - INFO     - create interrupt for GPIO [18]
2015-02-14 19:50:28,922 - 82 - INFO     -  -> Event type: [FE]
2015-02-14 19:50:28,931 - 95 - INFO     - service up and running, waiting for interrupts
2015-02-14 19:50:39,779 - 41 - INFO     - falling edge detected on channel [18]
2015-02-14 19:50:39,792 - 48 - INFO     - calling ->		http://192.168.1.70:82/api/
2015-02-14 19:50:39,797 - 49 - INFO     -           		application/json
2015-02-14 19:50:39,803 - 50 - INFO     -           		POST
2015-02-14 19:50:39,810 - 51 - INFO     -           		{ "jsonrpc":"2.0","method":"SetValueInteger","params":[30393,1],"id":1}
2015-02-14 19:50:39,821 - 52 - INFO     -           		andi.zaugg@port80.ch
2015-02-14 19:50:39,824 - 53 - INFO     -           		service
2015-02-14 19:50:40,061 - 58 - INFO     - response:{"result":true,"id":1,"jsonrpc":"2.0"}
2015-02-14 19:50:40,841 - 65 - INFO     - risign edge detected on channel [18]
2015-02-14 19:50:44,717 - 41 - INFO     - falling edge detected on channel [18]
2015-02-14 19:50:44,725 - 48 - INFO     - calling ->		http://192.168.1.70:82/api/
2015-02-14 19:50:44,731 - 49 - INFO     -           		application/json
2015-02-14 19:50:44,734 - 50 - INFO     -           		POST
2015-02-14 19:50:44,741 - 51 - INFO     -           		{ "jsonrpc":"2.0","method":"SetValueInteger","params":[30393,1],"id":1}
2015-02-14 19:50:44,747 - 52 - INFO     -           		andi.zaugg@port80.ch
2015-02-14 19:50:44,751 - 53 - INFO     -           		service
2015-02-14 19:50:44,991 - 58 - INFO     - response:{"result":true,"id":1,"jsonrpc":"2.0"}
2015-02-14 19:50:45,546 - 65 - INFO     - risign edge detected on channel [18]
2015-02-14 19:50:55,457 - 41 - INFO     - falling edge detected on channel [18]
2015-02-14 19:50:55,472 - 48 - INFO     - calling ->		http://192.168.1.70:82/api/
2015-02-14 19:50:55,481 - 49 - INFO     -           		application/json
2015-02-14 19:50:55,484 - 50 - INFO     -           		POST
2015-02-14 19:50:55,487 - 51 - INFO     -           		{ "jsonrpc":"2.0","method":"SetValueInteger","params":[30393,1],"id":1}
2015-02-14 19:50:55,499 - 52 - INFO     -           		andi.zaugg@port80.ch
2015-02-14 19:50:55,502 - 53 - INFO     -           		service
2015-02-14 19:50:55,741 - 58 - INFO     - response:{"result":true,"id":1,"jsonrpc":"2.0"}
2015-02-14 19:50:59,485 - 65 - INFO     - risign edge detected on channel [18]
2015-02-14 19:51:00,537 - 41 - INFO     - falling edge detected on channel [18]
2015-02-14 19:51:00,545 - 48 - INFO     - calling ->		http://192.168.1.70:82/api/
2015-02-14 19:51:00,557 - 49 - INFO     -           		application/json
2015-02-14 19:51:00,561 - 50 - INFO     -           		POST
2015-02-14 19:51:00,564 - 51 - INFO     -           		{ "jsonrpc":"2.0","method":"SetValueInteger","params":[30393,1],"id":1}
2015-02-14 19:51:00,570 - 52 - INFO     -           		andi.zaugg@port80.ch
2015-02-14 19:51:00,581 - 53 - INFO     -           		service
2015-02-14 19:51:00,806 - 58 - INFO     - response:{"result":true,"id":1,"jsonrpc":"2.0"}
2015-02-14 19:51:04,715 - 65 - INFO     - risign edge detected on channel [18]
2015-02-14 20:45:42,031 - 73 - INFO     -  
2015-02-14 20:45:42,034 - 74 - INFO     -  
2015-02-14 20:45:42,036 - 75 - INFO     - ======================================================
2015-02-14 20:45:42,037 - 76 - INFO     - start service
2015-02-14 20:45:42,039 - 77 - INFO     - ======================================================
2015-02-14 20:45:42,041 - 81 - INFO     - create interrupt for GPIO [18]
2015-02-14 20:45:42,047 - 82 - INFO     -  -> Event type: [FE]
2015-02-14 20:45:42,062 - 95 - INFO     - service up and running, waiting for interrupts
2015-02-14 20:45:50,361 - 41 - INFO     - falling edge detected on channel [18]
2015-02-14 20:45:50,372 - 48 - INFO     - calling ->		http://192.168.1.70:82/api/
2015-02-14 20:45:50,374 - 49 - INFO     -           		application/json
2015-02-14 20:45:50,376 - 50 - INFO     -           		POST
2015-02-14 20:45:50,377 - 51 - INFO     -           		{ "jsonrpc":"2.0","method":"SetValueInteger","params":[30393,1],"id":1}
2015-02-14 20:45:50,379 - 52 - INFO     -           		andi.zaugg@port80.ch
2015-02-14 20:45:50,391 - 53 - INFO     -           		service
2015-02-14 20:45:50,750 - 58 - INFO     - response:{"result":true,"id":1,"jsonrpc":"2.0"}
2015-02-14 20:45:50,892 - 65 - INFO     - risign edge detected on channel [18]
2015-02-14 20:45:52,759 - 41 - INFO     - falling edge detected on channel [18]
2015-02-14 20:45:52,763 - 48 - INFO     - calling ->		http://192.168.1.70:82/api/
2015-02-14 20:45:52,765 - 49 - INFO     -           		application/json
2015-02-14 20:45:52,768 - 50 - INFO     -           		POST
2015-02-14 20:45:52,780 - 51 - INFO     -           		{ "jsonrpc":"2.0","method":"SetValueInteger","params":[30393,1],"id":1}
2015-02-14 20:45:52,782 - 52 - INFO     -           		andi.zaugg@port80.ch
2015-02-14 20:45:52,784 - 53 - INFO     -           		service
2015-02-14 20:45:53,010 - 58 - INFO     - response:{"result":true,"id":1,"jsonrpc":"2.0"}
2015-02-14 20:45:53,143 - 65 - INFO     - risign edge detected on channel [18]
2015-02-14 20:45:53,155 - 41 - INFO     - falling edge detected on channel [18]
2015-02-14 20:45:53,159 - 48 - INFO     - calling ->		http://192.168.1.70:82/api/
2015-02-14 20:45:53,171 - 49 - INFO     -           		application/json
2015-02-14 20:45:53,173 - 50 - INFO     -           		POST
2015-02-14 20:45:53,175 - 51 - INFO     -           		{ "jsonrpc":"2.0","method":"SetValueInteger","params":[30393,1],"id":1}
2015-02-14 20:45:53,177 - 52 - INFO     -           		andi.zaugg@port80.ch
2015-02-14 20:45:53,179 - 53 - INFO     -           		service
2015-02-14 20:45:53,404 - 58 - INFO     - response:{"result":true,"id":1,"jsonrpc":"2.0"}
2015-02-14 20:45:55,274 - 65 - INFO     - risign edge detected on channel [18]
2015-02-14 20:45:55,281 - 41 - INFO     - falling edge detected on channel [18]
2015-02-14 20:45:55,289 - 48 - INFO     - calling ->		http://192.168.1.70:82/api/
2015-02-14 20:45:55,299 - 49 - INFO     -           		application/json
2015-02-14 20:45:55,301 - 50 - INFO     -           		POST
2015-02-14 20:45:55,303 - 51 - INFO     -           		{ "jsonrpc":"2.0","method":"SetValueInteger","params":[30393,1],"id":1}
2015-02-14 20:45:55,305 - 52 - INFO     -           		andi.zaugg@port80.ch
2015-02-14 20:45:55,307 - 53 - INFO     -           		service
2015-02-14 20:45:55,531 - 58 - INFO     - response:{"result":true,"id":1,"jsonrpc":"2.0"}
2015-02-14 20:45:55,866 - 65 - INFO     - risign edge detected on channel [18]
2015-02-14 20:45:57,164 - 41 - INFO     - falling edge detected on channel [18]
2015-02-14 20:45:57,168 - 48 - INFO     - calling ->		http://192.168.1.70:82/api/
2015-02-14 20:45:57,181 - 49 - INFO     -           		application/json
2015-02-14 20:45:57,183 - 50 - INFO     -           		POST
2015-02-14 20:45:57,185 - 51 - INFO     -           		{ "jsonrpc":"2.0","method":"SetValueInteger","params":[30393,1],"id":1}
2015-02-14 20:45:57,186 - 52 - INFO     -           		andi.zaugg@port80.ch
2015-02-14 20:45:57,188 - 53 - INFO     -           		service
2015-02-14 20:45:57,448 - 58 - INFO     - response:{"result":true,"id":1,"jsonrpc":"2.0"}
2015-02-14 20:45:57,828 - 65 - INFO     - risign edge detected on channel [18]
2015-02-14 20:46:02,919 - 41 - INFO     - falling edge detected on channel [18]
2015-02-14 20:46:02,923 - 48 - INFO     - calling ->		http://192.168.1.70:82/api/
2015-02-14 20:46:02,925 - 49 - INFO     -           		application/json
2015-02-14 20:46:02,926 - 50 - INFO     -           		POST
2015-02-14 20:46:02,928 - 51 - INFO     -           		{ "jsonrpc":"2.0","method":"SetValueInteger","params":[30393,1],"id":1}
2015-02-14 20:46:02,941 - 52 - INFO     -           		andi.zaugg@port80.ch
2015-02-14 20:46:02,943 - 53 - INFO     -           		service
2015-02-14 20:46:03,170 - 58 - INFO     - response:{"result":true,"id":1,"jsonrpc":"2.0"}
2015-02-14 20:46:03,324 - 65 - INFO     - risign edge detected on channel [18]
2015-02-14 20:46:05,266 - 41 - INFO     - falling edge detected on channel [18]
2015-02-14 20:46:05,270 - 48 - INFO     - calling ->		http://192.168.1.70:82/api/
2015-02-14 20:46:05,275 - 49 - INFO     -           		application/json
2015-02-14 20:46:05,276 - 50 - INFO     -           		POST
2015-02-14 20:46:05,278 - 51 - INFO     -           		{ "jsonrpc":"2.0","method":"SetValueInteger","params":[30393,1],"id":1}
2015-02-14 20:46:05,290 - 52 - INFO     -           		andi.zaugg@port80.ch
2015-02-14 20:46:05,292 - 53 - INFO     -           		service
2015-02-14 20:46:05,531 - 58 - INFO     - response:{"result":true,"id":1,"jsonrpc":"2.0"}
2015-02-14 20:46:05,668 - 65 - INFO     - risign edge detected on channel [18]
