2015-03-19 13:24:29,955 - 38 - INFO     - ======================================================
2015-03-19 13:24:29,957 - 39 - INFO     - start one wire deamon
2015-03-19 13:24:29,959 - 40 - INFO     - ======================================================
2015-03-19 13:24:29,960 - 45 - INFO     - init sensor: /sys/bus/w1/devices/28-0314640daeff
2015-03-19 14:06:34,138 - 38 - INFO     - ======================================================
2015-03-19 14:06:34,140 - 39 - INFO     - start one wire deamon
2015-03-19 14:06:34,141 - 40 - INFO     - ======================================================
2015-03-19 14:06:34,143 - 45 - INFO     - init sensor: /sys/bus/w1/devices/28-0314640daeff
2015-03-19 14:34:56,623 - 38 - INFO     - ======================================================
2015-03-19 14:34:56,626 - 39 - INFO     - start one wire deamon
2015-03-19 14:34:56,627 - 40 - INFO     - ======================================================
2015-03-19 14:34:56,629 - 45 - INFO     - init sensor: /sys/bus/w1/devices/28-0314640daeff
2015-03-19 19:57:05,359 - 46 - INFO     - ======================================================
2015-03-19 19:57:05,363 - 47 - INFO     - start one wire deamon
2015-03-19 19:57:05,366 - 48 - INFO     - ======================================================
2015-03-19 19:57:05,369 - 53 - INFO     - init sensor: /sys/bus/w1/devices/28-0314640daeff
2015-03-19 19:57:05,375 - 59 - INFO     - test
2015-03-19 19:57:16,396 - 59 - INFO     - test
2015-03-19 19:57:21,337 - 64 - INFO     -  
2015-03-19 19:57:21,340 - 65 - INFO     - terminated manualy
2015-03-19 19:57:21,343 - 66 - INFO     -  
2015-03-19 19:57:32,457 - 46 - INFO     - ======================================================
2015-03-19 19:57:32,461 - 47 - INFO     - start one wire deamon
2015-03-19 19:57:32,464 - 48 - INFO     - ======================================================
2015-03-19 19:57:32,467 - 53 - INFO     - init sensor: /sys/bus/w1/devices/28-0314640daeff
2015-03-19 19:57:32,473 - 59 - INFO     - test
2015-03-19 19:57:42,554 - 64 - INFO     -  
2015-03-19 19:57:42,557 - 65 - INFO     - terminated manualy
2015-03-19 19:57:42,560 - 66 - INFO     -  
2015-03-19 21:37:27,318 - 46 - INFO     - ======================================================
2015-03-19 21:37:27,320 - 47 - INFO     - start one wire deamon
2015-03-19 21:37:27,322 - 48 - INFO     - ======================================================
2015-03-19 21:37:27,324 - 53 - INFO     - init sensor: /sys/bus/w1/devices/28-0314640daeff
2015-03-19 21:38:01,168 - 63 - INFO     - ======================================================
2015-03-19 21:38:01,170 - 64 - INFO     - start one wire deamon
2015-03-19 21:38:01,172 - 65 - INFO     - ======================================================
2015-03-19 21:38:01,174 - 70 - INFO     - init sensor: /sys/bus/w1/devices/28-0314640daeff
2015-03-19 21:38:19,821 - 63 - INFO     - ======================================================
2015-03-19 21:38:19,823 - 64 - INFO     - start one wire deamon
2015-03-19 21:38:19,825 - 65 - INFO     - ======================================================
2015-03-19 21:38:19,827 - 70 - INFO     - init sensor: /sys/bus/w1/devices/28-0314640daeff
2015-03-19 21:48:29,744 - 81 - INFO     -  
2015-03-19 21:48:29,748 - 82 - INFO     - terminated manualy
2015-03-19 21:48:29,751 - 83 - INFO     -  
