2015-03-20 08:51:11,547 - 63 - INFO     - ======================================================
2015-03-20 08:51:11,549 - 64 - INFO     - start one wire deamon
2015-03-20 08:51:11,551 - 65 - INFO     - ======================================================
2015-03-20 08:51:11,552 - 70 - INFO     - init sensor: /sys/bus/w1/devices/28-0314640daeff
2015-03-20 08:51:57,948 - 63 - INFO     - ======================================================
2015-03-20 08:51:57,950 - 64 - INFO     - start one wire deamon
2015-03-20 08:51:57,952 - 65 - INFO     - ======================================================
2015-03-20 08:51:57,954 - 70 - INFO     - init sensor: /sys/bus/w1/devices/28-0314640daeff
2015-03-20 08:53:31,301 - 63 - INFO     - ======================================================
2015-03-20 08:53:31,303 - 64 - INFO     - start one wire deamon
2015-03-20 08:53:31,305 - 65 - INFO     - ======================================================
2015-03-20 08:53:31,306 - 70 - INFO     - init sensor: /sys/bus/w1/devices/28-0314640daeff
2015-03-20 08:53:40,999 - 63 - INFO     - ======================================================
2015-03-20 08:53:41,001 - 64 - INFO     - start one wire deamon
2015-03-20 08:53:41,002 - 65 - INFO     - ======================================================
2015-03-20 08:53:41,004 - 70 - INFO     - init sensor: /sys/bus/w1/devices/28-0314640daeff
2015-03-20 08:53:53,327 - 83 - INFO     -  
2015-03-20 08:53:53,329 - 84 - INFO     - terminated manualy
2015-03-20 08:53:53,331 - 85 - INFO     -  
2015-03-20 08:54:15,469 - 63 - INFO     - ======================================================
2015-03-20 08:54:15,471 - 64 - INFO     - start one wire deamon
2015-03-20 08:54:15,472 - 65 - INFO     - ======================================================
2015-03-20 08:54:15,474 - 70 - INFO     - init sensor: /sys/bus/w1/devices/28-0314640daeff
2015-03-20 08:54:34,927 - 83 - INFO     -  
2015-03-20 08:54:34,929 - 84 - INFO     - terminated manualy
2015-03-20 08:54:34,930 - 85 - INFO     -  
2015-03-20 08:54:36,578 - 63 - INFO     - ======================================================
2015-03-20 08:54:36,580 - 64 - INFO     - start one wire deamon
2015-03-20 08:54:36,581 - 65 - INFO     - ======================================================
2015-03-20 08:54:36,583 - 70 - INFO     - init sensor: /sys/bus/w1/devices/28-0314640daeff
2015-03-20 08:55:33,447 - 84 - INFO     -  
2015-03-20 08:55:33,449 - 85 - INFO     - terminated manualy
2015-03-20 08:55:33,450 - 86 - INFO     -  
2015-03-20 09:21:57,619 - 63 - INFO     - ======================================================
2015-03-20 09:21:57,621 - 64 - INFO     - start one wire deamon
2015-03-20 09:21:57,623 - 65 - INFO     - ======================================================
2015-03-20 09:21:57,624 - 70 - INFO     - init sensor: /sys/bus/w1/devices/28-0314640daeff
2015-03-20 09:23:53,710 - 63 - INFO     - ======================================================
2015-03-20 09:23:53,712 - 64 - INFO     - start one wire deamon
2015-03-20 09:23:53,714 - 65 - INFO     - ======================================================
2015-03-20 09:23:54,556 - 71 - INFO     - init sensor: /sys/bus/w1/devices/28-0314640daeff: 19.7
2015-03-20 09:29:03,355 - 89 - INFO     -  
2015-03-20 09:29:03,357 - 90 - INFO     - terminated manualy
2015-03-20 09:29:03,359 - 91 - INFO     -  
2015-03-20 09:29:14,500 - 63 - INFO     - ======================================================
2015-03-20 09:29:14,502 - 64 - INFO     - start one wire deamon
2015-03-20 09:29:14,504 - 65 - INFO     - ======================================================
2015-03-20 09:29:15,346 - 71 - INFO     - init sensor: /sys/bus/w1/devices/28-0314640daeff: 19.7
2015-03-20 09:29:33,674 - 63 - INFO     - ======================================================
2015-03-20 09:29:33,676 - 64 - INFO     - start one wire deamon
2015-03-20 09:29:33,678 - 65 - INFO     - ======================================================
2015-03-20 09:29:34,517 - 71 - INFO     - init sensor: /sys/bus/w1/devices/28-0314640daeff: 19.7
2015-03-20 09:30:58,153 - 83 - INFO     - /sys/bus/w1/devices/28-0314640daeff: 19.8
2015-03-20 09:31:09,992 - 83 - INFO     - /sys/bus/w1/devices/28-0314640daeff: 19.7
2015-03-20 09:31:45,492 - 83 - INFO     - /sys/bus/w1/devices/28-0314640daeff: 19.8
2015-03-20 09:31:57,333 - 83 - INFO     - /sys/bus/w1/devices/28-0314640daeff: 19.7
2015-03-20 09:33:20,152 - 83 - INFO     - /sys/bus/w1/devices/28-0314640daeff: 19.8
2015-03-20 09:33:55,653 - 83 - INFO     - /sys/bus/w1/devices/28-0314640daeff: 19.7
2015-03-20 09:34:07,492 - 83 - INFO     - /sys/bus/w1/devices/28-0314640daeff: 19.8
2015-03-20 10:17:18,352 - 83 - INFO     - /sys/bus/w1/devices/28-0314640daeff: 19.7
2015-03-20 10:17:30,193 - 83 - INFO     - /sys/bus/w1/devices/28-0314640daeff: 19.8
2015-03-20 10:19:16,672 - 83 - INFO     - /sys/bus/w1/devices/28-0314640daeff: 19.7
2015-03-20 10:19:28,512 - 83 - INFO     - /sys/bus/w1/devices/28-0314640daeff: 19.8
2015-03-20 10:19:40,353 - 83 - INFO     - /sys/bus/w1/devices/28-0314640daeff: 19.7
2015-03-20 10:53:47,802 - 83 - INFO     - /sys/bus/w1/devices/28-0314640daeff: 19.6
2015-03-20 10:53:59,642 - 83 - INFO     - /sys/bus/w1/devices/28-0314640daeff: 19.7
2015-03-20 10:54:35,142 - 83 - INFO     - /sys/bus/w1/devices/28-0314640daeff: 19.6
2015-03-20 10:54:46,982 - 83 - INFO     - /sys/bus/w1/devices/28-0314640daeff: 19.7
2015-03-20 10:54:58,822 - 83 - INFO     - /sys/bus/w1/devices/28-0314640daeff: 19.6
2015-03-20 10:55:57,983 - 83 - INFO     - /sys/bus/w1/devices/28-0314640daeff: 19.7
2015-03-20 10:56:09,823 - 83 - INFO     - /sys/bus/w1/devices/28-0314640daeff: 19.6
2015-03-20 11:11:32,572 - 83 - INFO     - /sys/bus/w1/devices/28-0314640daeff: 19.5
2015-03-20 11:31:15,592 - 83 - INFO     - /sys/bus/w1/devices/28-0314640daeff: 19.6
2015-03-20 11:31:27,432 - 83 - INFO     - /sys/bus/w1/devices/28-0314640daeff: 19.5
2015-03-20 11:31:51,102 - 83 - INFO     - /sys/bus/w1/devices/28-0314640daeff: 19.6
2015-03-20 11:43:52,772 - 83 - INFO     - /sys/bus/w1/devices/28-0314640daeff: 19.7
2015-03-20 11:44:04,613 - 83 - INFO     - /sys/bus/w1/devices/28-0314640daeff: 19.6
2015-03-20 11:44:28,282 - 83 - INFO     - /sys/bus/w1/devices/28-0314640daeff: 19.7
2015-03-20 11:50:58,682 - 83 - INFO     - /sys/bus/w1/devices/28-0314640daeff: 19.8
2015-03-20 11:51:10,523 - 83 - INFO     - /sys/bus/w1/devices/28-0314640daeff: 19.7
2015-03-20 11:51:34,192 - 83 - INFO     - /sys/bus/w1/devices/28-0314640daeff: 19.8
2015-03-20 12:34:21,353 - 83 - INFO     - /sys/bus/w1/devices/28-0314640daeff: 19.7
2015-03-20 13:13:31,403 - 63 - INFO     - ======================================================
2015-03-20 13:13:31,405 - 64 - INFO     - start one wire deamon
2015-03-20 13:13:31,407 - 65 - INFO     - ======================================================
2015-03-20 13:13:32,248 - 71 - INFO     - init sensor: /sys/bus/w1/devices/28-0314640daeff: 19.4
2015-03-20 13:15:27,265 - 90 - INFO     -  
2015-03-20 13:15:27,272 - 91 - INFO     - terminated manualy
2015-03-20 13:15:27,273 - 92 - INFO     -  
2015-03-20 13:15:34,282 - 63 - INFO     - ======================================================
2015-03-20 13:15:34,294 - 64 - INFO     - start one wire deamon
2015-03-20 13:15:34,297 - 65 - INFO     - ======================================================
2015-03-20 13:15:35,157 - 71 - INFO     - init sensor: /sys/bus/w1/devices/28-0314640daeff: 19.4
2015-03-20 13:21:25,565 - 90 - INFO     -  
2015-03-20 13:21:25,567 - 91 - INFO     - terminated manualy
2015-03-20 13:21:25,569 - 92 - INFO     -  
2015-03-20 13:21:31,769 - 63 - INFO     - ======================================================
2015-03-20 13:21:31,771 - 64 - INFO     - start one wire deamon
2015-03-20 13:21:31,773 - 65 - INFO     - ======================================================
2015-03-20 13:21:32,638 - 71 - INFO     - init sensor: /sys/bus/w1/devices/28-0314640daeff: 19.4
2015-03-20 13:21:36,875 - 90 - INFO     -  
2015-03-20 13:21:36,877 - 91 - INFO     - terminated manualy
2015-03-20 13:21:36,878 - 92 - INFO     -  
2015-03-20 13:21:41,787 - 63 - INFO     - ======================================================
2015-03-20 13:21:41,790 - 64 - INFO     - start one wire deamon
2015-03-20 13:21:41,791 - 65 - INFO     - ======================================================
2015-03-20 13:21:42,648 - 71 - INFO     - init sensor: /sys/bus/w1/devices/28-0314640daeff: 19.4
2015-03-20 13:21:43,995 - 90 - INFO     -  
2015-03-20 13:21:43,997 - 91 - INFO     - terminated manualy
2015-03-20 13:21:43,998 - 92 - INFO     -  
2015-03-20 13:21:49,749 - 63 - INFO     - ======================================================
2015-03-20 13:21:49,751 - 64 - INFO     - start one wire deamon
2015-03-20 13:21:49,752 - 65 - INFO     - ======================================================
2015-03-20 13:21:50,628 - 71 - INFO     - init sensor: /sys/bus/w1/devices/28-0314640daeff: 19.4
2015-03-20 13:32:47,225 - 90 - INFO     -  
2015-03-20 13:32:47,227 - 91 - INFO     - terminated manualy
2015-03-20 13:32:47,228 - 92 - INFO     -  
2015-03-20 13:38:27,544 - 63 - INFO     - ======================================================
2015-03-20 13:38:27,546 - 64 - INFO     - start one wire deamon
2015-03-20 13:38:27,548 - 65 - INFO     - ======================================================
2015-03-20 13:38:28,387 - 71 - INFO     - init sensor: /sys/bus/w1/devices/28-0314640daeff: 19.4
2015-03-20 13:38:29,223 - 83 - INFO     - /sys/bus/w1/devices/28-0314640daeff: 19.5
2015-03-20 13:39:15,075 - 63 - INFO     - ======================================================
2015-03-20 13:39:15,078 - 64 - INFO     - start one wire deamon
2015-03-20 13:39:15,079 - 65 - INFO     - ======================================================
2015-03-20 13:39:15,917 - 71 - INFO     - init sensor: /sys/bus/w1/devices/28-0314640daeff: 19.5
2015-03-20 13:39:20,353 - 90 - INFO     -  
2015-03-20 13:39:20,355 - 91 - INFO     - terminated manualy
2015-03-20 13:39:20,357 - 92 - INFO     -  
