2015-03-21 07:07:34,270 - 46 - INFO  - MSGBUS  - ======================================================
2015-03-21 07:07:34,272 - 47 - INFO  - MSGBUS  - start message bus
2015-03-21 07:07:34,273 - 48 - INFO  - MSGBUS  - ======================================================
2015-03-21 07:07:39,862 - 76 - INFO  - ONEWIR  - ======================================================
2015-03-21 07:07:39,865 - 77 - INFO  - ONEWIR  - start one wire deamon
2015-03-21 07:07:39,866 - 78 - INFO  - ONEWIR  - ======================================================
2015-03-21 07:07:40,707 - 65 - INFO  - ONEWIR  - open socket to message bus
2015-03-21 07:07:40,710 - 70 - INFO  - MSGBUS  - ('Connected by', ('127.0.0.1', 57074))
2015-03-21 07:07:40,712 - 69 - INFO  - ONEWIR  - send message [{"onewire":{"temp":19.6}]
2015-03-21 07:07:40,714 - 76 - INFO  - MSGBUS  - data received: {"onewire":{"temp":19.6}
2015-03-21 07:07:40,716 - 77 - INFO  - MSGBUS  - 
2015-03-21 07:07:40,719 - 85 - INFO  - ONEWIR  - init sensor: /sys/bus/w1/devices/28-0314640daeff: 19.6
2015-03-21 07:11:14,501 - 97 - INFO  - ONEWIR  - /sys/bus/w1/devices/28-0314640daeff: 19.7
2015-03-21 07:11:14,503 - 65 - INFO  - ONEWIR  - open socket to message bus
2015-03-21 07:11:14,506 - 70 - INFO  - MSGBUS  - ('Connected by', ('127.0.0.1', 57075))
2015-03-21 07:11:14,508 - 69 - INFO  - ONEWIR  - send message [{"onewire":{"temp":19.7}]
2015-03-21 07:11:14,511 - 76 - INFO  - MSGBUS  - data received: {"onewire":{"temp":19.7}
2015-03-21 07:11:14,512 - 77 - INFO  - MSGBUS  - 
2015-03-21 07:26:01,821 - 97 - INFO  - ONEWIR  - /sys/bus/w1/devices/28-0314640daeff: 19.6
2015-03-21 07:26:01,823 - 65 - INFO  - ONEWIR  - open socket to message bus
2015-03-21 07:26:01,826 - 70 - INFO  - MSGBUS  - ('Connected by', ('127.0.0.1', 57076))
2015-03-21 07:26:01,828 - 69 - INFO  - ONEWIR  - send message [{"onewire":{"temp":19.6}]
2015-03-21 07:26:01,831 - 76 - INFO  - MSGBUS  - data received: {"onewire":{"temp":19.6}
2015-03-21 07:26:01,832 - 77 - INFO  - MSGBUS  - 
2015-03-21 07:26:25,501 - 97 - INFO  - ONEWIR  - /sys/bus/w1/devices/28-0314640daeff: 19.7
2015-03-21 07:26:25,503 - 65 - INFO  - ONEWIR  - open socket to message bus
2015-03-21 07:26:25,506 - 70 - INFO  - MSGBUS  - ('Connected by', ('127.0.0.1', 57077))
2015-03-21 07:26:25,508 - 69 - INFO  - ONEWIR  - send message [{"onewire":{"temp":19.7}]
2015-03-21 07:26:25,511 - 76 - INFO  - MSGBUS  - data received: {"onewire":{"temp":19.7}
2015-03-21 07:26:25,512 - 77 - INFO  - MSGBUS  - 
2015-03-21 07:26:37,351 - 97 - INFO  - ONEWIR  - /sys/bus/w1/devices/28-0314640daeff: 19.6
2015-03-21 07:26:37,353 - 65 - INFO  - ONEWIR  - open socket to message bus
2015-03-21 07:26:37,356 - 70 - INFO  - MSGBUS  - ('Connected by', ('127.0.0.1', 57078))
2015-03-21 07:26:37,358 - 69 - INFO  - ONEWIR  - send message [{"onewire":{"temp":19.6}]
2015-03-21 07:26:37,361 - 76 - INFO  - MSGBUS  - data received: {"onewire":{"temp":19.6}
2015-03-21 07:26:37,362 - 77 - INFO  - MSGBUS  - 
2015-03-21 07:27:12,861 - 97 - INFO  - ONEWIR  - /sys/bus/w1/devices/28-0314640daeff: 19.7
2015-03-21 07:27:12,863 - 65 - INFO  - ONEWIR  - open socket to message bus
2015-03-21 07:27:12,866 - 70 - INFO  - MSGBUS  - ('Connected by', ('127.0.0.1', 57079))
2015-03-21 07:27:12,868 - 69 - INFO  - ONEWIR  - send message [{"onewire":{"temp":19.7}]
2015-03-21 07:27:12,871 - 76 - INFO  - MSGBUS  - data received: {"onewire":{"temp":19.7}
2015-03-21 07:27:12,872 - 77 - INFO  - MSGBUS  - 
2015-03-21 07:27:24,711 - 97 - INFO  - ONEWIR  - /sys/bus/w1/devices/28-0314640daeff: 19.6
2015-03-21 07:27:24,713 - 65 - INFO  - ONEWIR  - open socket to message bus
2015-03-21 07:27:24,716 - 70 - INFO  - MSGBUS  - ('Connected by', ('127.0.0.1', 57080))
2015-03-21 07:27:24,718 - 69 - INFO  - ONEWIR  - send message [{"onewire":{"temp":19.6}]
2015-03-21 07:27:24,721 - 76 - INFO  - MSGBUS  - data received: {"onewire":{"temp":19.6}
2015-03-21 07:27:24,722 - 77 - INFO  - MSGBUS  - 
2015-03-21 07:43:46,691 - 97 - INFO  - ONEWIR  - /sys/bus/w1/devices/28-0314640daeff: 19.5
2015-03-21 07:43:46,695 - 65 - INFO  - ONEWIR  - open socket to message bus
2015-03-21 07:43:46,699 - 70 - INFO  - MSGBUS  - ('Connected by', ('127.0.0.1', 57081))
2015-03-21 07:43:46,702 - 69 - INFO  - ONEWIR  - send message [{"onewire":{"temp":19.5}]
2015-03-21 07:43:46,706 - 76 - INFO  - MSGBUS  - data received: {"onewire":{"temp":19.5}
2015-03-21 07:43:46,709 - 77 - INFO  - MSGBUS  - 
2015-03-21 07:43:58,541 - 97 - INFO  - ONEWIR  - /sys/bus/w1/devices/28-0314640daeff: 19.6
2015-03-21 07:43:58,545 - 65 - INFO  - ONEWIR  - open socket to message bus
2015-03-21 07:43:58,549 - 70 - INFO  - MSGBUS  - ('Connected by', ('127.0.0.1', 57082))
2015-03-21 07:43:58,552 - 69 - INFO  - ONEWIR  - send message [{"onewire":{"temp":19.6}]
2015-03-21 07:43:58,556 - 76 - INFO  - MSGBUS  - data received: {"onewire":{"temp":19.6}
2015-03-21 07:43:58,559 - 77 - INFO  - MSGBUS  - 
2015-03-21 07:44:10,391 - 97 - INFO  - ONEWIR  - /sys/bus/w1/devices/28-0314640daeff: 19.5
2015-03-21 07:44:10,395 - 65 - INFO  - ONEWIR  - open socket to message bus
2015-03-21 07:44:10,409 - 70 - INFO  - MSGBUS  - ('Connected by', ('127.0.0.1', 57083))
2015-03-21 07:44:10,415 - 69 - INFO  - ONEWIR  - send message [{"onewire":{"temp":19.5}]
2015-03-21 07:44:10,423 - 76 - INFO  - MSGBUS  - data received: {"onewire":{"temp":19.5}
2015-03-21 07:44:10,427 - 77 - INFO  - MSGBUS  - 
2015-03-21 07:51:16,331 - 97 - INFO  - ONEWIR  - /sys/bus/w1/devices/28-0314640daeff: 19.4
2015-03-21 07:51:16,335 - 65 - INFO  - ONEWIR  - open socket to message bus
2015-03-21 07:51:16,339 - 70 - INFO  - MSGBUS  - ('Connected by', ('127.0.0.1', 57084))
2015-03-21 07:51:16,342 - 69 - INFO  - ONEWIR  - send message [{"onewire":{"temp":19.4}]
2015-03-21 07:51:16,346 - 76 - INFO  - MSGBUS  - data received: {"onewire":{"temp":19.4}
2015-03-21 07:51:16,349 - 77 - INFO  - MSGBUS  - 
2015-03-21 08:02:43,391 - 97 - INFO  - ONEWIR  - /sys/bus/w1/devices/28-0314640daeff: 19.3
2015-03-21 08:02:43,395 - 65 - INFO  - ONEWIR  - open socket to message bus
2015-03-21 08:02:43,399 - 70 - INFO  - MSGBUS  - ('Connected by', ('127.0.0.1', 57085))
2015-03-21 08:02:43,402 - 69 - INFO  - ONEWIR  - send message [{"onewire":{"temp":19.3}]
2015-03-21 08:02:43,406 - 76 - INFO  - MSGBUS  - data received: {"onewire":{"temp":19.3}
2015-03-21 08:02:43,408 - 77 - INFO  - MSGBUS  - 
2015-03-21 08:19:17,161 - 97 - INFO  - ONEWIR  - /sys/bus/w1/devices/28-0314640daeff: 19.2
2015-03-21 08:19:17,165 - 65 - INFO  - ONEWIR  - open socket to message bus
2015-03-21 08:19:17,169 - 70 - INFO  - MSGBUS  - ('Connected by', ('127.0.0.1', 57086))
2015-03-21 08:19:17,172 - 69 - INFO  - ONEWIR  - send message [{"onewire":{"temp":19.2}]
2015-03-21 08:19:17,176 - 76 - INFO  - MSGBUS  - data received: {"onewire":{"temp":19.2}
2015-03-21 08:19:17,179 - 77 - INFO  - MSGBUS  - 
2015-03-21 08:19:29,011 - 97 - INFO  - ONEWIR  - /sys/bus/w1/devices/28-0314640daeff: 19.3
2015-03-21 08:19:29,015 - 65 - INFO  - ONEWIR  - open socket to message bus
2015-03-21 08:19:29,019 - 70 - INFO  - MSGBUS  - ('Connected by', ('127.0.0.1', 57087))
2015-03-21 08:19:29,022 - 69 - INFO  - ONEWIR  - send message [{"onewire":{"temp":19.3}]
2015-03-21 08:19:29,026 - 76 - INFO  - MSGBUS  - data received: {"onewire":{"temp":19.3}
2015-03-21 08:19:29,029 - 77 - INFO  - MSGBUS  - 
2015-03-21 08:20:16,352 - 97 - INFO  - ONEWIR  - /sys/bus/w1/devices/28-0314640daeff: 19.2
2015-03-21 08:20:16,355 - 65 - INFO  - ONEWIR  - open socket to message bus
2015-03-21 08:20:16,359 - 70 - INFO  - MSGBUS  - ('Connected by', ('127.0.0.1', 57088))
2015-03-21 08:20:16,362 - 69 - INFO  - ONEWIR  - send message [{"onewire":{"temp":19.2}]
2015-03-21 08:20:16,366 - 76 - INFO  - MSGBUS  - data received: {"onewire":{"temp":19.2}
2015-03-21 08:20:16,369 - 77 - INFO  - MSGBUS  - 
2015-03-21 08:20:28,201 - 97 - INFO  - ONEWIR  - /sys/bus/w1/devices/28-0314640daeff: 19.3
2015-03-21 08:20:28,205 - 65 - INFO  - ONEWIR  - open socket to message bus
2015-03-21 08:20:28,209 - 70 - INFO  - MSGBUS  - ('Connected by', ('127.0.0.1', 57089))
2015-03-21 08:20:28,212 - 69 - INFO  - ONEWIR  - send message [{"onewire":{"temp":19.3}]
2015-03-21 08:20:28,216 - 76 - INFO  - MSGBUS  - data received: {"onewire":{"temp":19.3}
2015-03-21 08:20:28,219 - 77 - INFO  - MSGBUS  - 
2015-03-21 08:20:51,881 - 97 - INFO  - ONEWIR  - /sys/bus/w1/devices/28-0314640daeff: 19.2
2015-03-21 08:20:51,885 - 65 - INFO  - ONEWIR  - open socket to message bus
2015-03-21 08:20:51,889 - 70 - INFO  - MSGBUS  - ('Connected by', ('127.0.0.1', 57090))
2015-03-21 08:20:51,892 - 69 - INFO  - ONEWIR  - send message [{"onewire":{"temp":19.2}]
2015-03-21 08:20:51,896 - 76 - INFO  - MSGBUS  - data received: {"onewire":{"temp":19.2}
2015-03-21 08:20:51,899 - 77 - INFO  - MSGBUS  - 
2015-03-21 08:21:03,732 - 97 - INFO  - ONEWIR  - /sys/bus/w1/devices/28-0314640daeff: 19.3
2015-03-21 08:21:03,765 - 65 - INFO  - ONEWIR  - open socket to message bus
2015-03-21 08:21:03,771 - 70 - INFO  - MSGBUS  - ('Connected by', ('127.0.0.1', 57091))
2015-03-21 08:21:03,775 - 69 - INFO  - ONEWIR  - send message [{"onewire":{"temp":19.3}]
2015-03-21 08:21:03,778 - 76 - INFO  - MSGBUS  - data received: {"onewire":{"temp":19.3}
2015-03-21 08:21:03,781 - 77 - INFO  - MSGBUS  - 
2015-03-21 08:21:27,451 - 97 - INFO  - ONEWIR  - /sys/bus/w1/devices/28-0314640daeff: 19.2
2015-03-21 08:21:27,455 - 65 - INFO  - ONEWIR  - open socket to message bus
2015-03-21 08:21:27,459 - 70 - INFO  - MSGBUS  - ('Connected by', ('127.0.0.1', 57092))
2015-03-21 08:21:27,462 - 69 - INFO  - ONEWIR  - send message [{"onewire":{"temp":19.2}]
2015-03-21 08:21:27,466 - 76 - INFO  - MSGBUS  - data received: {"onewire":{"temp":19.2}
2015-03-21 08:21:27,469 - 77 - INFO  - MSGBUS  - 
2015-03-21 08:35:27,421 - 97 - INFO  - ONEWIR  - /sys/bus/w1/devices/28-0314640daeff: 19.1
2015-03-21 08:35:27,425 - 65 - INFO  - ONEWIR  - open socket to message bus
2015-03-21 08:35:27,429 - 70 - INFO  - MSGBUS  - ('Connected by', ('127.0.0.1', 57093))
2015-03-21 08:35:27,432 - 69 - INFO  - ONEWIR  - send message [{"onewire":{"temp":19.1}]
2015-03-21 08:35:27,436 - 76 - INFO  - MSGBUS  - data received: {"onewire":{"temp":19.1}
2015-03-21 08:35:27,439 - 77 - INFO  - MSGBUS  - 
2015-03-21 08:35:39,271 - 97 - INFO  - ONEWIR  - /sys/bus/w1/devices/28-0314640daeff: 19.2
2015-03-21 08:35:39,275 - 65 - INFO  - ONEWIR  - open socket to message bus
2015-03-21 08:35:39,279 - 70 - INFO  - MSGBUS  - ('Connected by', ('127.0.0.1', 57094))
2015-03-21 08:35:39,282 - 69 - INFO  - ONEWIR  - send message [{"onewire":{"temp":19.2}]
2015-03-21 08:35:39,286 - 76 - INFO  - MSGBUS  - data received: {"onewire":{"temp":19.2}
2015-03-21 08:35:39,289 - 77 - INFO  - MSGBUS  - 
2015-03-21 08:36:02,951 - 97 - INFO  - ONEWIR  - /sys/bus/w1/devices/28-0314640daeff: 19.1
2015-03-21 08:36:02,955 - 65 - INFO  - ONEWIR  - open socket to message bus
2015-03-21 08:36:02,959 - 70 - INFO  - MSGBUS  - ('Connected by', ('127.0.0.1', 57095))
2015-03-21 08:36:02,962 - 69 - INFO  - ONEWIR  - send message [{"onewire":{"temp":19.1}]
2015-03-21 08:36:02,966 - 76 - INFO  - MSGBUS  - data received: {"onewire":{"temp":19.1}
2015-03-21 08:36:02,968 - 77 - INFO  - MSGBUS  - 
2015-03-21 08:36:38,461 - 97 - INFO  - ONEWIR  - /sys/bus/w1/devices/28-0314640daeff: 19.2
2015-03-21 08:36:38,465 - 65 - INFO  - ONEWIR  - open socket to message bus
2015-03-21 08:36:38,469 - 70 - INFO  - MSGBUS  - ('Connected by', ('127.0.0.1', 57096))
2015-03-21 08:36:38,472 - 69 - INFO  - ONEWIR  - send message [{"onewire":{"temp":19.2}]
2015-03-21 08:36:38,476 - 76 - INFO  - MSGBUS  - data received: {"onewire":{"temp":19.2}
2015-03-21 08:36:38,479 - 77 - INFO  - MSGBUS  - 
2015-03-21 08:37:02,141 - 97 - INFO  - ONEWIR  - /sys/bus/w1/devices/28-0314640daeff: 19.1
2015-03-21 08:37:02,145 - 65 - INFO  - ONEWIR  - open socket to message bus
2015-03-21 08:37:02,149 - 70 - INFO  - MSGBUS  - ('Connected by', ('127.0.0.1', 57097))
2015-03-21 08:37:02,152 - 69 - INFO  - ONEWIR  - send message [{"onewire":{"temp":19.1}]
2015-03-21 08:37:02,156 - 76 - INFO  - MSGBUS  - data received: {"onewire":{"temp":19.1}
2015-03-21 08:37:02,159 - 77 - INFO  - MSGBUS  - 
2015-03-21 08:57:20,671 - 97 - INFO  - ONEWIR  - /sys/bus/w1/devices/28-0314640daeff: 19.0
2015-03-21 08:57:20,675 - 65 - INFO  - ONEWIR  - open socket to message bus
2015-03-21 08:57:20,679 - 70 - INFO  - MSGBUS  - ('Connected by', ('127.0.0.1', 57098))
2015-03-21 08:57:20,682 - 69 - INFO  - ONEWIR  - send message [{"onewire":{"temp":19.0}]
2015-03-21 08:57:20,686 - 76 - INFO  - MSGBUS  - data received: {"onewire":{"temp":19.0}
2015-03-21 08:57:20,689 - 77 - INFO  - MSGBUS  - 
2015-03-21 08:57:44,351 - 97 - INFO  - ONEWIR  - /sys/bus/w1/devices/28-0314640daeff: 19.1
2015-03-21 08:57:44,355 - 65 - INFO  - ONEWIR  - open socket to message bus
2015-03-21 08:57:44,359 - 70 - INFO  - MSGBUS  - ('Connected by', ('127.0.0.1', 57099))
2015-03-21 08:57:44,362 - 69 - INFO  - ONEWIR  - send message [{"onewire":{"temp":19.1}]
2015-03-21 08:57:44,366 - 76 - INFO  - MSGBUS  - data received: {"onewire":{"temp":19.1}
2015-03-21 08:57:44,369 - 77 - INFO  - MSGBUS  - 
2015-03-21 08:58:31,691 - 97 - INFO  - ONEWIR  - /sys/bus/w1/devices/28-0314640daeff: 19.0
2015-03-21 08:58:31,695 - 65 - INFO  - ONEWIR  - open socket to message bus
2015-03-21 08:58:31,699 - 70 - INFO  - MSGBUS  - ('Connected by', ('127.0.0.1', 57100))
2015-03-21 08:58:31,702 - 69 - INFO  - ONEWIR  - send message [{"onewire":{"temp":19.0}]
2015-03-21 08:58:31,706 - 76 - INFO  - MSGBUS  - data received: {"onewire":{"temp":19.0}
2015-03-21 08:58:31,709 - 77 - INFO  - MSGBUS  - 
2015-03-21 08:58:55,371 - 97 - INFO  - ONEWIR  - /sys/bus/w1/devices/28-0314640daeff: 19.1
2015-03-21 08:58:55,375 - 65 - INFO  - ONEWIR  - open socket to message bus
2015-03-21 08:58:55,379 - 70 - INFO  - MSGBUS  - ('Connected by', ('127.0.0.1', 57101))
2015-03-21 08:58:55,382 - 69 - INFO  - ONEWIR  - send message [{"onewire":{"temp":19.1}]
2015-03-21 08:58:55,386 - 76 - INFO  - MSGBUS  - data received: {"onewire":{"temp":19.1}
2015-03-21 08:58:55,389 - 77 - INFO  - MSGBUS  - 
2015-03-21 08:59:07,221 - 97 - INFO  - ONEWIR  - /sys/bus/w1/devices/28-0314640daeff: 19.0
2015-03-21 08:59:07,225 - 65 - INFO  - ONEWIR  - open socket to message bus
2015-03-21 08:59:07,229 - 70 - INFO  - MSGBUS  - ('Connected by', ('127.0.0.1', 57102))
2015-03-21 08:59:07,232 - 69 - INFO  - ONEWIR  - send message [{"onewire":{"temp":19.0}]
2015-03-21 08:59:07,236 - 76 - INFO  - MSGBUS  - data received: {"onewire":{"temp":19.0}
2015-03-21 08:59:07,239 - 77 - INFO  - MSGBUS  - 
2015-03-21 08:59:54,561 - 97 - INFO  - ONEWIR  - /sys/bus/w1/devices/28-0314640daeff: 19.1
2015-03-21 08:59:54,565 - 65 - INFO  - ONEWIR  - open socket to message bus
2015-03-21 08:59:54,569 - 70 - INFO  - MSGBUS  - ('Connected by', ('127.0.0.1', 57103))
2015-03-21 08:59:54,572 - 69 - INFO  - ONEWIR  - send message [{"onewire":{"temp":19.1}]
2015-03-21 08:59:54,576 - 76 - INFO  - MSGBUS  - data received: {"onewire":{"temp":19.1}
2015-03-21 08:59:54,579 - 77 - INFO  - MSGBUS  - 
2015-03-21 09:00:06,411 - 97 - INFO  - ONEWIR  - /sys/bus/w1/devices/28-0314640daeff: 19.0
2015-03-21 09:00:06,415 - 65 - INFO  - ONEWIR  - open socket to message bus
2015-03-21 09:00:06,419 - 70 - INFO  - MSGBUS  - ('Connected by', ('127.0.0.1', 57104))
2015-03-21 09:00:06,422 - 69 - INFO  - ONEWIR  - send message [{"onewire":{"temp":19.0}]
2015-03-21 09:00:06,426 - 76 - INFO  - MSGBUS  - data received: {"onewire":{"temp":19.0}
2015-03-21 09:00:06,428 - 77 - INFO  - MSGBUS  - 
2015-03-21 09:14:30,031 - 97 - INFO  - ONEWIR  - /sys/bus/w1/devices/28-0314640daeff: 19.1
2015-03-21 09:14:30,035 - 65 - INFO  - ONEWIR  - open socket to message bus
2015-03-21 09:14:30,039 - 70 - INFO  - MSGBUS  - ('Connected by', ('127.0.0.1', 57105))
2015-03-21 09:14:30,042 - 69 - INFO  - ONEWIR  - send message [{"onewire":{"temp":19.1}]
2015-03-21 09:14:30,046 - 76 - INFO  - MSGBUS  - data received: {"onewire":{"temp":19.1}
2015-03-21 09:14:30,049 - 77 - INFO  - MSGBUS  - 
2015-03-21 09:15:05,541 - 97 - INFO  - ONEWIR  - /sys/bus/w1/devices/28-0314640daeff: 19.0
2015-03-21 09:15:05,545 - 65 - INFO  - ONEWIR  - open socket to message bus
2015-03-21 09:15:05,549 - 70 - INFO  - MSGBUS  - ('Connected by', ('127.0.0.1', 57106))
2015-03-21 09:15:05,552 - 69 - INFO  - ONEWIR  - send message [{"onewire":{"temp":19.0}]
2015-03-21 09:15:05,556 - 76 - INFO  - MSGBUS  - data received: {"onewire":{"temp":19.0}
2015-03-21 09:15:05,559 - 77 - INFO  - MSGBUS  - 
2015-03-21 09:15:17,391 - 97 - INFO  - ONEWIR  - /sys/bus/w1/devices/28-0314640daeff: 19.1
2015-03-21 09:15:17,395 - 65 - INFO  - ONEWIR  - open socket to message bus
2015-03-21 09:15:17,399 - 70 - INFO  - MSGBUS  - ('Connected by', ('127.0.0.1', 57107))
2015-03-21 09:15:17,402 - 69 - INFO  - ONEWIR  - send message [{"onewire":{"temp":19.1}]
2015-03-21 09:15:17,406 - 76 - INFO  - MSGBUS  - data received: {"onewire":{"temp":19.1}
2015-03-21 09:15:17,408 - 77 - INFO  - MSGBUS  - 
2015-03-21 09:21:36,011 - 97 - INFO  - ONEWIR  - /sys/bus/w1/devices/28-0314640daeff: 19.2
2015-03-21 09:21:36,015 - 65 - INFO  - ONEWIR  - open socket to message bus
2015-03-21 09:21:36,019 - 70 - INFO  - MSGBUS  - ('Connected by', ('127.0.0.1', 57108))
2015-03-21 09:21:36,022 - 69 - INFO  - ONEWIR  - send message [{"onewire":{"temp":19.2}]
2015-03-21 09:21:36,026 - 76 - INFO  - MSGBUS  - data received: {"onewire":{"temp":19.2}
2015-03-21 09:21:36,029 - 77 - INFO  - MSGBUS  - 
2015-03-21 09:21:59,692 - 97 - INFO  - ONEWIR  - /sys/bus/w1/devices/28-0314640daeff: 19.1
2015-03-21 09:21:59,710 - 65 - INFO  - ONEWIR  - open socket to message bus
2015-03-21 09:21:59,718 - 70 - INFO  - MSGBUS  - ('Connected by', ('127.0.0.1', 57109))
2015-03-21 09:21:59,728 - 69 - INFO  - ONEWIR  - send message [{"onewire":{"temp":19.1}]
2015-03-21 09:21:59,731 - 76 - INFO  - MSGBUS  - data received: {"onewire":{"temp":19.1}
2015-03-21 09:21:59,734 - 77 - INFO  - MSGBUS  - 
2015-03-21 09:22:23,411 - 97 - INFO  - ONEWIR  - /sys/bus/w1/devices/28-0314640daeff: 19.2
2015-03-21 09:22:23,415 - 65 - INFO  - ONEWIR  - open socket to message bus
2015-03-21 09:22:23,419 - 70 - INFO  - MSGBUS  - ('Connected by', ('127.0.0.1', 57110))
2015-03-21 09:22:23,422 - 69 - INFO  - ONEWIR  - send message [{"onewire":{"temp":19.2}]
2015-03-21 09:22:23,426 - 76 - INFO  - MSGBUS  - data received: {"onewire":{"temp":19.2}
2015-03-21 09:22:23,429 - 77 - INFO  - MSGBUS  - 
2015-03-21 09:25:20,881 - 97 - INFO  - ONEWIR  - /sys/bus/w1/devices/28-0314640daeff: 19.3
2015-03-21 09:25:20,885 - 65 - INFO  - ONEWIR  - open socket to message bus
2015-03-21 09:25:20,889 - 70 - INFO  - MSGBUS  - ('Connected by', ('127.0.0.1', 57111))
2015-03-21 09:25:20,892 - 69 - INFO  - ONEWIR  - send message [{"onewire":{"temp":19.3}]
2015-03-21 09:25:20,896 - 76 - INFO  - MSGBUS  - data received: {"onewire":{"temp":19.3}
2015-03-21 09:25:20,899 - 77 - INFO  - MSGBUS  - 
2015-03-21 09:25:32,731 - 97 - INFO  - ONEWIR  - /sys/bus/w1/devices/28-0314640daeff: 19.2
2015-03-21 09:25:32,735 - 65 - INFO  - ONEWIR  - open socket to message bus
2015-03-21 09:25:32,739 - 70 - INFO  - MSGBUS  - ('Connected by', ('127.0.0.1', 57112))
2015-03-21 09:25:32,742 - 69 - INFO  - ONEWIR  - send message [{"onewire":{"temp":19.2}]
2015-03-21 09:25:32,746 - 76 - INFO  - MSGBUS  - data received: {"onewire":{"temp":19.2}
2015-03-21 09:25:32,749 - 77 - INFO  - MSGBUS  - 
2015-03-21 09:26:08,241 - 97 - INFO  - ONEWIR  - /sys/bus/w1/devices/28-0314640daeff: 19.3
2015-03-21 09:26:08,245 - 65 - INFO  - ONEWIR  - open socket to message bus
2015-03-21 09:26:08,249 - 70 - INFO  - MSGBUS  - ('Connected by', ('127.0.0.1', 57113))
2015-03-21 09:26:08,252 - 69 - INFO  - ONEWIR  - send message [{"onewire":{"temp":19.3}]
2015-03-21 09:26:08,256 - 76 - INFO  - MSGBUS  - data received: {"onewire":{"temp":19.3}
2015-03-21 09:26:08,259 - 77 - INFO  - MSGBUS  - 
2015-03-21 09:32:26,831 - 97 - INFO  - ONEWIR  - /sys/bus/w1/devices/28-0314640daeff: 19.4
2015-03-21 09:32:26,835 - 65 - INFO  - ONEWIR  - open socket to message bus
2015-03-21 09:32:26,839 - 70 - INFO  - MSGBUS  - ('Connected by', ('127.0.0.1', 57114))
2015-03-21 09:32:26,842 - 69 - INFO  - ONEWIR  - send message [{"onewire":{"temp":19.4}]
2015-03-21 09:32:26,846 - 76 - INFO  - MSGBUS  - data received: {"onewire":{"temp":19.4}
2015-03-21 09:32:26,849 - 77 - INFO  - MSGBUS  - 
2015-03-21 09:32:50,511 - 97 - INFO  - ONEWIR  - /sys/bus/w1/devices/28-0314640daeff: 19.3
2015-03-21 09:32:50,515 - 65 - INFO  - ONEWIR  - open socket to message bus
2015-03-21 09:32:50,519 - 70 - INFO  - MSGBUS  - ('Connected by', ('127.0.0.1', 57115))
2015-03-21 09:32:50,522 - 69 - INFO  - ONEWIR  - send message [{"onewire":{"temp":19.3}]
2015-03-21 09:32:50,526 - 76 - INFO  - MSGBUS  - data received: {"onewire":{"temp":19.3}
2015-03-21 09:32:50,529 - 77 - INFO  - MSGBUS  - 
2015-03-21 09:33:02,361 - 97 - INFO  - ONEWIR  - /sys/bus/w1/devices/28-0314640daeff: 19.4
2015-03-21 09:33:02,365 - 65 - INFO  - ONEWIR  - open socket to message bus
2015-03-21 09:33:02,369 - 70 - INFO  - MSGBUS  - ('Connected by', ('127.0.0.1', 57116))
2015-03-21 09:33:02,372 - 69 - INFO  - ONEWIR  - send message [{"onewire":{"temp":19.4}]
2015-03-21 09:33:02,376 - 76 - INFO  - MSGBUS  - data received: {"onewire":{"temp":19.4}
2015-03-21 09:33:02,379 - 77 - INFO  - MSGBUS  - 
2015-03-21 09:48:36,981 - 97 - INFO  - ONEWIR  - /sys/bus/w1/devices/28-0314640daeff: 19.5
2015-03-21 09:48:36,985 - 65 - INFO  - ONEWIR  - open socket to message bus
2015-03-21 09:48:36,989 - 70 - INFO  - MSGBUS  - ('Connected by', ('127.0.0.1', 57117))
2015-03-21 09:48:36,992 - 69 - INFO  - ONEWIR  - send message [{"onewire":{"temp":19.5}]
2015-03-21 09:48:36,996 - 76 - INFO  - MSGBUS  - data received: {"onewire":{"temp":19.5}
2015-03-21 09:48:36,999 - 77 - INFO  - MSGBUS  - 
2015-03-21 09:54:55,591 - 97 - INFO  - ONEWIR  - /sys/bus/w1/devices/28-0314640daeff: 19.6
2015-03-21 09:54:55,595 - 65 - INFO  - ONEWIR  - open socket to message bus
2015-03-21 09:54:55,599 - 70 - INFO  - MSGBUS  - ('Connected by', ('127.0.0.1', 57118))
2015-03-21 09:54:55,602 - 69 - INFO  - ONEWIR  - send message [{"onewire":{"temp":19.6}]
2015-03-21 09:54:55,606 - 76 - INFO  - MSGBUS  - data received: {"onewire":{"temp":19.6}
2015-03-21 09:54:55,609 - 77 - INFO  - MSGBUS  - 
2015-03-21 09:55:54,761 - 97 - INFO  - ONEWIR  - /sys/bus/w1/devices/28-0314640daeff: 19.5
2015-03-21 09:55:54,765 - 65 - INFO  - ONEWIR  - open socket to message bus
2015-03-21 09:55:54,769 - 70 - INFO  - MSGBUS  - ('Connected by', ('127.0.0.1', 57119))
2015-03-21 09:55:54,772 - 69 - INFO  - ONEWIR  - send message [{"onewire":{"temp":19.5}]
2015-03-21 09:55:54,776 - 76 - INFO  - MSGBUS  - data received: {"onewire":{"temp":19.5}
2015-03-21 09:55:54,779 - 77 - INFO  - MSGBUS  - 
2015-03-21 09:56:06,611 - 97 - INFO  - ONEWIR  - /sys/bus/w1/devices/28-0314640daeff: 19.6
2015-03-21 09:56:06,615 - 65 - INFO  - ONEWIR  - open socket to message bus
2015-03-21 09:56:06,619 - 70 - INFO  - MSGBUS  - ('Connected by', ('127.0.0.1', 57120))
2015-03-21 09:56:06,622 - 69 - INFO  - ONEWIR  - send message [{"onewire":{"temp":19.6}]
2015-03-21 09:56:06,626 - 76 - INFO  - MSGBUS  - data received: {"onewire":{"temp":19.6}
2015-03-21 09:56:06,628 - 77 - INFO  - MSGBUS  - 
2015-03-21 09:59:04,081 - 97 - INFO  - ONEWIR  - /sys/bus/w1/devices/28-0314640daeff: 19.7
2015-03-21 09:59:04,085 - 65 - INFO  - ONEWIR  - open socket to message bus
2015-03-21 09:59:04,089 - 70 - INFO  - MSGBUS  - ('Connected by', ('127.0.0.1', 57121))
2015-03-21 09:59:04,092 - 69 - INFO  - ONEWIR  - send message [{"onewire":{"temp":19.7}]
2015-03-21 09:59:04,096 - 76 - INFO  - MSGBUS  - data received: {"onewire":{"temp":19.7}
2015-03-21 09:59:04,099 - 77 - INFO  - MSGBUS  - 
2015-03-21 09:59:39,591 - 97 - INFO  - ONEWIR  - /sys/bus/w1/devices/28-0314640daeff: 19.8
2015-03-21 09:59:39,595 - 65 - INFO  - ONEWIR  - open socket to message bus
2015-03-21 09:59:39,599 - 70 - INFO  - MSGBUS  - ('Connected by', ('127.0.0.1', 57122))
2015-03-21 09:59:39,602 - 69 - INFO  - ONEWIR  - send message [{"onewire":{"temp":19.8}]
2015-03-21 09:59:39,606 - 76 - INFO  - MSGBUS  - data received: {"onewire":{"temp":19.8}
2015-03-21 09:59:39,609 - 77 - INFO  - MSGBUS  - 
2015-03-21 10:07:32,821 - 97 - INFO  - ONEWIR  - /sys/bus/w1/devices/28-0314640daeff: 19.7
2015-03-21 10:07:32,825 - 65 - INFO  - ONEWIR  - open socket to message bus
2015-03-21 10:07:32,829 - 70 - INFO  - MSGBUS  - ('Connected by', ('127.0.0.1', 57123))
2015-03-21 10:07:32,832 - 69 - INFO  - ONEWIR  - send message [{"onewire":{"temp":19.7}]
2015-03-21 10:07:32,836 - 76 - INFO  - MSGBUS  - data received: {"onewire":{"temp":19.7}
2015-03-21 10:07:32,839 - 77 - INFO  - MSGBUS  - 
2015-03-21 10:07:44,671 - 97 - INFO  - ONEWIR  - /sys/bus/w1/devices/28-0314640daeff: 19.8
2015-03-21 10:07:44,675 - 65 - INFO  - ONEWIR  - open socket to message bus
2015-03-21 10:07:44,681 - 70 - INFO  - MSGBUS  - ('Connected by', ('127.0.0.1', 57124))
2015-03-21 10:07:44,684 - 69 - INFO  - ONEWIR  - send message [{"onewire":{"temp":19.8}]
2015-03-21 10:07:44,687 - 76 - INFO  - MSGBUS  - data received: {"onewire":{"temp":19.8}
2015-03-21 10:07:44,690 - 77 - INFO  - MSGBUS  - 
2015-03-21 10:07:56,521 - 97 - INFO  - ONEWIR  - /sys/bus/w1/devices/28-0314640daeff: 19.7
2015-03-21 10:07:56,525 - 65 - INFO  - ONEWIR  - open socket to message bus
2015-03-21 10:07:56,529 - 70 - INFO  - MSGBUS  - ('Connected by', ('127.0.0.1', 57125))
2015-03-21 10:07:56,532 - 69 - INFO  - ONEWIR  - send message [{"onewire":{"temp":19.7}]
2015-03-21 10:07:56,536 - 76 - INFO  - MSGBUS  - data received: {"onewire":{"temp":19.7}
2015-03-21 10:07:56,539 - 77 - INFO  - MSGBUS  - 
2015-03-21 10:08:08,371 - 97 - INFO  - ONEWIR  - /sys/bus/w1/devices/28-0314640daeff: 19.8
2015-03-21 10:08:08,375 - 65 - INFO  - ONEWIR  - open socket to message bus
2015-03-21 10:08:08,379 - 70 - INFO  - MSGBUS  - ('Connected by', ('127.0.0.1', 57126))
2015-03-21 10:08:08,382 - 69 - INFO  - ONEWIR  - send message [{"onewire":{"temp":19.8}]
2015-03-21 10:08:08,386 - 76 - INFO  - MSGBUS  - data received: {"onewire":{"temp":19.8}
2015-03-21 10:08:08,389 - 77 - INFO  - MSGBUS  - 
2015-03-21 10:08:20,221 - 97 - INFO  - ONEWIR  - /sys/bus/w1/devices/28-0314640daeff: 19.7
2015-03-21 10:08:20,225 - 65 - INFO  - ONEWIR  - open socket to message bus
2015-03-21 10:08:20,229 - 70 - INFO  - MSGBUS  - ('Connected by', ('127.0.0.1', 57127))
2015-03-21 10:08:20,232 - 69 - INFO  - ONEWIR  - send message [{"onewire":{"temp":19.7}]
2015-03-21 10:08:20,236 - 76 - INFO  - MSGBUS  - data received: {"onewire":{"temp":19.7}
2015-03-21 10:08:20,239 - 77 - INFO  - MSGBUS  - 
2015-03-21 10:08:32,071 - 97 - INFO  - ONEWIR  - /sys/bus/w1/devices/28-0314640daeff: 19.8
2015-03-21 10:08:32,075 - 65 - INFO  - ONEWIR  - open socket to message bus
2015-03-21 10:08:32,079 - 70 - INFO  - MSGBUS  - ('Connected by', ('127.0.0.1', 57128))
2015-03-21 10:08:32,082 - 69 - INFO  - ONEWIR  - send message [{"onewire":{"temp":19.8}]
2015-03-21 10:08:32,086 - 76 - INFO  - MSGBUS  - data received: {"onewire":{"temp":19.8}
2015-03-21 10:08:32,089 - 77 - INFO  - MSGBUS  - 
2015-03-21 10:08:43,921 - 97 - INFO  - ONEWIR  - /sys/bus/w1/devices/28-0314640daeff: 19.7
2015-03-21 10:08:43,925 - 65 - INFO  - ONEWIR  - open socket to message bus
2015-03-21 10:08:43,929 - 70 - INFO  - MSGBUS  - ('Connected by', ('127.0.0.1', 57129))
2015-03-21 10:08:43,932 - 69 - INFO  - ONEWIR  - send message [{"onewire":{"temp":19.7}]
2015-03-21 10:08:43,936 - 76 - INFO  - MSGBUS  - data received: {"onewire":{"temp":19.7}
2015-03-21 10:08:43,938 - 77 - INFO  - MSGBUS  - 
2015-03-21 10:08:55,771 - 97 - INFO  - ONEWIR  - /sys/bus/w1/devices/28-0314640daeff: 19.8
2015-03-21 10:08:55,775 - 65 - INFO  - ONEWIR  - open socket to message bus
2015-03-21 10:08:55,779 - 70 - INFO  - MSGBUS  - ('Connected by', ('127.0.0.1', 57130))
2015-03-21 10:08:55,782 - 69 - INFO  - ONEWIR  - send message [{"onewire":{"temp":19.8}]
2015-03-21 10:08:55,786 - 76 - INFO  - MSGBUS  - data received: {"onewire":{"temp":19.8}
2015-03-21 10:08:55,794 - 77 - INFO  - MSGBUS  - 
2015-03-21 10:09:07,622 - 97 - INFO  - ONEWIR  - /sys/bus/w1/devices/28-0314640daeff: 19.7
2015-03-21 10:09:07,625 - 65 - INFO  - ONEWIR  - open socket to message bus
2015-03-21 10:09:07,629 - 70 - INFO  - MSGBUS  - ('Connected by', ('127.0.0.1', 57131))
2015-03-21 10:09:07,632 - 69 - INFO  - ONEWIR  - send message [{"onewire":{"temp":19.7}]
2015-03-21 10:09:07,636 - 76 - INFO  - MSGBUS  - data received: {"onewire":{"temp":19.7}
2015-03-21 10:09:07,639 - 77 - INFO  - MSGBUS  - 
2015-03-21 10:09:19,471 - 97 - INFO  - ONEWIR  - /sys/bus/w1/devices/28-0314640daeff: 19.8
2015-03-21 10:09:19,475 - 65 - INFO  - ONEWIR  - open socket to message bus
2015-03-21 10:09:19,479 - 70 - INFO  - MSGBUS  - ('Connected by', ('127.0.0.1', 57132))
2015-03-21 10:09:19,482 - 69 - INFO  - ONEWIR  - send message [{"onewire":{"temp":19.8}]
2015-03-21 10:09:19,486 - 76 - INFO  - MSGBUS  - data received: {"onewire":{"temp":19.8}
2015-03-21 10:09:19,489 - 77 - INFO  - MSGBUS  - 
2015-03-21 10:09:31,321 - 97 - INFO  - ONEWIR  - /sys/bus/w1/devices/28-0314640daeff: 19.7
2015-03-21 10:09:31,325 - 65 - INFO  - ONEWIR  - open socket to message bus
2015-03-21 10:09:31,329 - 70 - INFO  - MSGBUS  - ('Connected by', ('127.0.0.1', 57133))
2015-03-21 10:09:31,332 - 69 - INFO  - ONEWIR  - send message [{"onewire":{"temp":19.7}]
2015-03-21 10:09:31,336 - 76 - INFO  - MSGBUS  - data received: {"onewire":{"temp":19.7}
2015-03-21 10:09:31,339 - 77 - INFO  - MSGBUS  - 
2015-03-21 10:09:43,171 - 97 - INFO  - ONEWIR  - /sys/bus/w1/devices/28-0314640daeff: 19.8
2015-03-21 10:09:43,175 - 65 - INFO  - ONEWIR  - open socket to message bus
2015-03-21 10:09:43,179 - 70 - INFO  - MSGBUS  - ('Connected by', ('127.0.0.1', 57134))
2015-03-21 10:09:43,182 - 69 - INFO  - ONEWIR  - send message [{"onewire":{"temp":19.8}]
2015-03-21 10:09:43,186 - 76 - INFO  - MSGBUS  - data received: {"onewire":{"temp":19.8}
2015-03-21 10:09:43,188 - 77 - INFO  - MSGBUS  - 
2015-03-21 10:10:18,681 - 97 - INFO  - ONEWIR  - /sys/bus/w1/devices/28-0314640daeff: 19.7
2015-03-21 10:10:18,685 - 65 - INFO  - ONEWIR  - open socket to message bus
2015-03-21 10:10:18,689 - 70 - INFO  - MSGBUS  - ('Connected by', ('127.0.0.1', 57135))
2015-03-21 10:10:18,692 - 69 - INFO  - ONEWIR  - send message [{"onewire":{"temp":19.7}]
2015-03-21 10:10:18,696 - 76 - INFO  - MSGBUS  - data received: {"onewire":{"temp":19.7}
2015-03-21 10:10:18,699 - 77 - INFO  - MSGBUS  - 
2015-03-21 10:10:30,531 - 97 - INFO  - ONEWIR  - /sys/bus/w1/devices/28-0314640daeff: 19.8
2015-03-21 10:10:30,535 - 65 - INFO  - ONEWIR  - open socket to message bus
2015-03-21 10:10:30,539 - 70 - INFO  - MSGBUS  - ('Connected by', ('127.0.0.1', 57136))
2015-03-21 10:10:30,542 - 69 - INFO  - ONEWIR  - send message [{"onewire":{"temp":19.8}]
2015-03-21 10:10:30,546 - 76 - INFO  - MSGBUS  - data received: {"onewire":{"temp":19.8}
2015-03-21 10:10:30,549 - 77 - INFO  - MSGBUS  - 
2015-03-21 10:11:06,041 - 97 - INFO  - ONEWIR  - /sys/bus/w1/devices/28-0314640daeff: 19.7
2015-03-21 10:11:06,045 - 65 - INFO  - ONEWIR  - open socket to message bus
2015-03-21 10:11:06,049 - 70 - INFO  - MSGBUS  - ('Connected by', ('127.0.0.1', 57137))
2015-03-21 10:11:06,052 - 69 - INFO  - ONEWIR  - send message [{"onewire":{"temp":19.7}]
2015-03-21 10:11:06,056 - 76 - INFO  - MSGBUS  - data received: {"onewire":{"temp":19.7}
2015-03-21 10:11:06,059 - 77 - INFO  - MSGBUS  - 
2015-03-21 10:17:24,611 - 97 - INFO  - ONEWIR  - /sys/bus/w1/devices/28-0314640daeff: 19.6
2015-03-21 10:17:24,615 - 65 - INFO  - ONEWIR  - open socket to message bus
2015-03-21 10:17:24,619 - 70 - INFO  - MSGBUS  - ('Connected by', ('127.0.0.1', 57138))
2015-03-21 10:17:24,622 - 69 - INFO  - ONEWIR  - send message [{"onewire":{"temp":19.6}]
2015-03-21 10:17:24,626 - 76 - INFO  - MSGBUS  - data received: {"onewire":{"temp":19.6}
2015-03-21 10:17:24,629 - 77 - INFO  - MSGBUS  - 
2015-03-21 10:18:11,951 - 97 - INFO  - ONEWIR  - /sys/bus/w1/devices/28-0314640daeff: 19.7
2015-03-21 10:18:11,955 - 65 - INFO  - ONEWIR  - open socket to message bus
2015-03-21 10:18:11,959 - 70 - INFO  - MSGBUS  - ('Connected by', ('127.0.0.1', 57139))
2015-03-21 10:18:11,962 - 69 - INFO  - ONEWIR  - send message [{"onewire":{"temp":19.7}]
2015-03-21 10:18:11,966 - 76 - INFO  - MSGBUS  - data received: {"onewire":{"temp":19.7}
2015-03-21 10:18:11,969 - 77 - INFO  - MSGBUS  - 
2015-03-21 10:18:35,631 - 97 - INFO  - ONEWIR  - /sys/bus/w1/devices/28-0314640daeff: 19.6
2015-03-21 10:18:35,635 - 65 - INFO  - ONEWIR  - open socket to message bus
2015-03-21 10:18:35,639 - 70 - INFO  - MSGBUS  - ('Connected by', ('127.0.0.1', 57140))
2015-03-21 10:18:35,642 - 69 - INFO  - ONEWIR  - send message [{"onewire":{"temp":19.6}]
2015-03-21 10:18:35,646 - 76 - INFO  - MSGBUS  - data received: {"onewire":{"temp":19.6}
2015-03-21 10:18:35,649 - 77 - INFO  - MSGBUS  - 
2015-03-21 10:18:59,311 - 97 - INFO  - ONEWIR  - /sys/bus/w1/devices/28-0314640daeff: 19.7
2015-03-21 10:18:59,315 - 65 - INFO  - ONEWIR  - open socket to message bus
2015-03-21 10:18:59,319 - 70 - INFO  - MSGBUS  - ('Connected by', ('127.0.0.1', 57141))
2015-03-21 10:18:59,322 - 69 - INFO  - ONEWIR  - send message [{"onewire":{"temp":19.7}]
2015-03-21 10:18:59,326 - 76 - INFO  - MSGBUS  - data received: {"onewire":{"temp":19.7}
2015-03-21 10:18:59,329 - 77 - INFO  - MSGBUS  - 
2015-03-21 10:19:11,161 - 97 - INFO  - ONEWIR  - /sys/bus/w1/devices/28-0314640daeff: 19.6
2015-03-21 10:19:11,165 - 65 - INFO  - ONEWIR  - open socket to message bus
2015-03-21 10:19:11,169 - 70 - INFO  - MSGBUS  - ('Connected by', ('127.0.0.1', 57142))
2015-03-21 10:19:11,172 - 69 - INFO  - ONEWIR  - send message [{"onewire":{"temp":19.6}]
2015-03-21 10:19:11,176 - 76 - INFO  - MSGBUS  - data received: {"onewire":{"temp":19.6}
2015-03-21 10:19:11,179 - 77 - INFO  - MSGBUS  - 
2015-03-21 10:30:13,712 - 97 - INFO  - ONEWIR  - /sys/bus/w1/devices/28-0314640daeff: 19.5
2015-03-21 10:30:13,715 - 65 - INFO  - ONEWIR  - open socket to message bus
2015-03-21 10:30:13,720 - 70 - INFO  - MSGBUS  - ('Connected by', ('127.0.0.1', 57143))
2015-03-21 10:30:13,723 - 69 - INFO  - ONEWIR  - send message [{"onewire":{"temp":19.5}]
2015-03-21 10:30:13,726 - 76 - INFO  - MSGBUS  - data received: {"onewire":{"temp":19.5}
2015-03-21 10:30:13,729 - 77 - INFO  - MSGBUS  - 
2015-03-21 10:30:25,571 - 97 - INFO  - ONEWIR  - /sys/bus/w1/devices/28-0314640daeff: 19.6
2015-03-21 10:30:25,575 - 65 - INFO  - ONEWIR  - open socket to message bus
2015-03-21 10:30:25,579 - 70 - INFO  - MSGBUS  - ('Connected by', ('127.0.0.1', 57144))
2015-03-21 10:30:25,582 - 69 - INFO  - ONEWIR  - send message [{"onewire":{"temp":19.6}]
2015-03-21 10:30:25,586 - 76 - INFO  - MSGBUS  - data received: {"onewire":{"temp":19.6}
2015-03-21 10:30:25,588 - 77 - INFO  - MSGBUS  - 
2015-03-21 10:30:37,421 - 97 - INFO  - ONEWIR  - /sys/bus/w1/devices/28-0314640daeff: 19.5
2015-03-21 10:30:37,425 - 65 - INFO  - ONEWIR  - open socket to message bus
2015-03-21 10:30:37,429 - 70 - INFO  - MSGBUS  - ('Connected by', ('127.0.0.1', 57145))
2015-03-21 10:30:37,432 - 69 - INFO  - ONEWIR  - send message [{"onewire":{"temp":19.5}]
2015-03-21 10:30:37,436 - 76 - INFO  - MSGBUS  - data received: {"onewire":{"temp":19.5}
2015-03-21 10:30:37,439 - 77 - INFO  - MSGBUS  - 
2015-03-21 10:37:55,161 - 97 - INFO  - ONEWIR  - /sys/bus/w1/devices/28-0314640daeff: 19.4
2015-03-21 10:37:55,165 - 65 - INFO  - ONEWIR  - open socket to message bus
2015-03-21 10:37:55,169 - 70 - INFO  - MSGBUS  - ('Connected by', ('127.0.0.1', 57146))
2015-03-21 10:37:55,172 - 69 - INFO  - ONEWIR  - send message [{"onewire":{"temp":19.4}]
2015-03-21 10:37:55,176 - 76 - INFO  - MSGBUS  - data received: {"onewire":{"temp":19.4}
2015-03-21 10:37:55,179 - 77 - INFO  - MSGBUS  - 
2015-03-21 10:38:07,011 - 97 - INFO  - ONEWIR  - /sys/bus/w1/devices/28-0314640daeff: 19.5
2015-03-21 10:38:07,015 - 65 - INFO  - ONEWIR  - open socket to message bus
2015-03-21 10:38:07,019 - 70 - INFO  - MSGBUS  - ('Connected by', ('127.0.0.1', 57147))
2015-03-21 10:38:07,022 - 69 - INFO  - ONEWIR  - send message [{"onewire":{"temp":19.5}]
2015-03-21 10:38:07,026 - 76 - INFO  - MSGBUS  - data received: {"onewire":{"temp":19.5}
2015-03-21 10:38:07,029 - 77 - INFO  - MSGBUS  - 
2015-03-21 10:38:18,861 - 97 - INFO  - ONEWIR  - /sys/bus/w1/devices/28-0314640daeff: 19.4
2015-03-21 10:38:18,865 - 65 - INFO  - ONEWIR  - open socket to message bus
2015-03-21 10:38:18,869 - 70 - INFO  - MSGBUS  - ('Connected by', ('127.0.0.1', 57148))
2015-03-21 10:38:18,872 - 69 - INFO  - ONEWIR  - send message [{"onewire":{"temp":19.4}]
2015-03-21 10:38:18,876 - 76 - INFO  - MSGBUS  - data received: {"onewire":{"temp":19.4}
2015-03-21 10:38:18,878 - 77 - INFO  - MSGBUS  - 
2015-03-21 10:38:42,541 - 97 - INFO  - ONEWIR  - /sys/bus/w1/devices/28-0314640daeff: 19.5
2015-03-21 10:38:42,545 - 65 - INFO  - ONEWIR  - open socket to message bus
2015-03-21 10:38:42,549 - 70 - INFO  - MSGBUS  - ('Connected by', ('127.0.0.1', 57149))
2015-03-21 10:38:42,552 - 69 - INFO  - ONEWIR  - send message [{"onewire":{"temp":19.5}]
2015-03-21 10:38:42,556 - 76 - INFO  - MSGBUS  - data received: {"onewire":{"temp":19.5}
2015-03-21 10:38:42,559 - 77 - INFO  - MSGBUS  - 
2015-03-21 10:38:54,391 - 97 - INFO  - ONEWIR  - /sys/bus/w1/devices/28-0314640daeff: 19.4
2015-03-21 10:38:54,395 - 65 - INFO  - ONEWIR  - open socket to message bus
2015-03-21 10:38:54,399 - 70 - INFO  - MSGBUS  - ('Connected by', ('127.0.0.1', 57150))
2015-03-21 10:38:54,402 - 69 - INFO  - ONEWIR  - send message [{"onewire":{"temp":19.4}]
2015-03-21 10:38:54,406 - 76 - INFO  - MSGBUS  - data received: {"onewire":{"temp":19.4}
2015-03-21 10:38:54,409 - 77 - INFO  - MSGBUS  - 
2015-03-21 10:39:06,241 - 97 - INFO  - ONEWIR  - /sys/bus/w1/devices/28-0314640daeff: 19.5
2015-03-21 10:39:06,249 - 65 - INFO  - ONEWIR  - open socket to message bus
2015-03-21 10:39:06,254 - 70 - INFO  - MSGBUS  - ('Connected by', ('127.0.0.1', 57151))
2015-03-21 10:39:06,257 - 69 - INFO  - ONEWIR  - send message [{"onewire":{"temp":19.5}]
2015-03-21 10:39:06,260 - 76 - INFO  - MSGBUS  - data received: {"onewire":{"temp":19.5}
2015-03-21 10:39:06,263 - 77 - INFO  - MSGBUS  - 
2015-03-21 10:39:18,101 - 97 - INFO  - ONEWIR  - /sys/bus/w1/devices/28-0314640daeff: 19.4
2015-03-21 10:39:18,105 - 65 - INFO  - ONEWIR  - open socket to message bus
2015-03-21 10:39:18,109 - 70 - INFO  - MSGBUS  - ('Connected by', ('127.0.0.1', 57152))
2015-03-21 10:39:18,112 - 69 - INFO  - ONEWIR  - send message [{"onewire":{"temp":19.4}]
2015-03-21 10:39:18,116 - 76 - INFO  - MSGBUS  - data received: {"onewire":{"temp":19.4}
2015-03-21 10:39:18,118 - 77 - INFO  - MSGBUS  - 
2015-03-21 10:52:07,091 - 97 - INFO  - ONEWIR  - /sys/bus/w1/devices/28-0314640daeff: 19.3
2015-03-21 10:52:07,095 - 65 - INFO  - ONEWIR  - open socket to message bus
2015-03-21 10:52:07,099 - 70 - INFO  - MSGBUS  - ('Connected by', ('127.0.0.1', 57153))
2015-03-21 10:52:07,102 - 69 - INFO  - ONEWIR  - send message [{"onewire":{"temp":19.3}]
2015-03-21 10:52:07,106 - 76 - INFO  - MSGBUS  - data received: {"onewire":{"temp":19.3}
2015-03-21 10:52:07,109 - 77 - INFO  - MSGBUS  - 
2015-03-21 10:52:18,941 - 97 - INFO  - ONEWIR  - /sys/bus/w1/devices/28-0314640daeff: 19.4
2015-03-21 10:52:18,945 - 65 - INFO  - ONEWIR  - open socket to message bus
2015-03-21 10:52:18,949 - 70 - INFO  - MSGBUS  - ('Connected by', ('127.0.0.1', 57154))
2015-03-21 10:52:18,952 - 69 - INFO  - ONEWIR  - send message [{"onewire":{"temp":19.4}]
2015-03-21 10:52:18,956 - 76 - INFO  - MSGBUS  - data received: {"onewire":{"temp":19.4}
2015-03-21 10:52:18,959 - 77 - INFO  - MSGBUS  - 
2015-03-21 10:52:30,791 - 97 - INFO  - ONEWIR  - /sys/bus/w1/devices/28-0314640daeff: 19.3
2015-03-21 10:52:30,795 - 65 - INFO  - ONEWIR  - open socket to message bus
2015-03-21 10:52:30,799 - 70 - INFO  - MSGBUS  - ('Connected by', ('127.0.0.1', 57155))
2015-03-21 10:52:30,802 - 69 - INFO  - ONEWIR  - send message [{"onewire":{"temp":19.3}]
2015-03-21 10:52:30,806 - 76 - INFO  - MSGBUS  - data received: {"onewire":{"temp":19.3}
2015-03-21 10:52:30,808 - 77 - INFO  - MSGBUS  - 
2015-03-21 10:52:42,642 - 97 - INFO  - ONEWIR  - /sys/bus/w1/devices/28-0314640daeff: 19.4
2015-03-21 10:52:42,647 - 65 - INFO  - ONEWIR  - open socket to message bus
2015-03-21 10:52:42,652 - 70 - INFO  - MSGBUS  - ('Connected by', ('127.0.0.1', 57156))
2015-03-21 10:52:42,665 - 69 - INFO  - ONEWIR  - send message [{"onewire":{"temp":19.4}]
2015-03-21 10:52:42,668 - 76 - INFO  - MSGBUS  - data received: {"onewire":{"temp":19.4}
2015-03-21 10:52:42,671 - 77 - INFO  - MSGBUS  - 
2015-03-21 10:53:18,171 - 97 - INFO  - ONEWIR  - /sys/bus/w1/devices/28-0314640daeff: 19.3
2015-03-21 10:53:18,175 - 65 - INFO  - ONEWIR  - open socket to message bus
2015-03-21 10:53:18,179 - 70 - INFO  - MSGBUS  - ('Connected by', ('127.0.0.1', 57157))
2015-03-21 10:53:18,182 - 69 - INFO  - ONEWIR  - send message [{"onewire":{"temp":19.3}]
2015-03-21 10:53:18,186 - 76 - INFO  - MSGBUS  - data received: {"onewire":{"temp":19.3}
2015-03-21 10:53:18,189 - 77 - INFO  - MSGBUS  - 
2015-03-21 10:53:30,021 - 97 - INFO  - ONEWIR  - /sys/bus/w1/devices/28-0314640daeff: 19.4
2015-03-21 10:53:30,025 - 65 - INFO  - ONEWIR  - open socket to message bus
2015-03-21 10:53:30,029 - 70 - INFO  - MSGBUS  - ('Connected by', ('127.0.0.1', 57158))
2015-03-21 10:53:30,032 - 69 - INFO  - ONEWIR  - send message [{"onewire":{"temp":19.4}]
2015-03-21 10:53:30,035 - 76 - INFO  - MSGBUS  - data received: {"onewire":{"temp":19.4}
2015-03-21 10:53:30,038 - 77 - INFO  - MSGBUS  - 
2015-03-21 10:53:41,871 - 97 - INFO  - ONEWIR  - /sys/bus/w1/devices/28-0314640daeff: 19.3
2015-03-21 10:53:41,875 - 65 - INFO  - ONEWIR  - open socket to message bus
2015-03-21 10:53:41,879 - 70 - INFO  - MSGBUS  - ('Connected by', ('127.0.0.1', 57159))
2015-03-21 10:53:41,882 - 69 - INFO  - ONEWIR  - send message [{"onewire":{"temp":19.3}]
2015-03-21 10:53:41,886 - 76 - INFO  - MSGBUS  - data received: {"onewire":{"temp":19.3}
2015-03-21 10:53:41,888 - 77 - INFO  - MSGBUS  - 
2015-03-21 11:22:29,061 - 97 - INFO  - ONEWIR  - /sys/bus/w1/devices/28-0314640daeff: 19.2
2015-03-21 11:22:29,065 - 65 - INFO  - ONEWIR  - open socket to message bus
2015-03-21 11:22:29,069 - 70 - INFO  - MSGBUS  - ('Connected by', ('127.0.0.1', 57160))
2015-03-21 11:22:29,072 - 69 - INFO  - ONEWIR  - send message [{"onewire":{"temp":19.2}]
2015-03-21 11:22:29,076 - 76 - INFO  - MSGBUS  - data received: {"onewire":{"temp":19.2}
2015-03-21 11:22:29,079 - 77 - INFO  - MSGBUS  - 
2015-03-21 11:22:40,921 - 97 - INFO  - ONEWIR  - /sys/bus/w1/devices/28-0314640daeff: 19.3
2015-03-21 11:22:40,925 - 65 - INFO  - ONEWIR  - open socket to message bus
2015-03-21 11:22:40,929 - 70 - INFO  - MSGBUS  - ('Connected by', ('127.0.0.1', 57161))
2015-03-21 11:22:40,932 - 69 - INFO  - ONEWIR  - send message [{"onewire":{"temp":19.3}]
2015-03-21 11:22:40,936 - 76 - INFO  - MSGBUS  - data received: {"onewire":{"temp":19.3}
2015-03-21 11:22:40,939 - 77 - INFO  - MSGBUS  - 
2015-03-21 11:22:52,771 - 97 - INFO  - ONEWIR  - /sys/bus/w1/devices/28-0314640daeff: 19.2
2015-03-21 11:22:52,775 - 65 - INFO  - ONEWIR  - open socket to message bus
2015-03-21 11:22:52,779 - 70 - INFO  - MSGBUS  - ('Connected by', ('127.0.0.1', 57162))
2015-03-21 11:22:52,782 - 69 - INFO  - ONEWIR  - send message [{"onewire":{"temp":19.2}]
2015-03-21 11:22:52,786 - 76 - INFO  - MSGBUS  - data received: {"onewire":{"temp":19.2}
2015-03-21 11:22:52,789 - 77 - INFO  - MSGBUS  - 
2015-03-21 11:23:04,621 - 97 - INFO  - ONEWIR  - /sys/bus/w1/devices/28-0314640daeff: 19.3
2015-03-21 11:23:04,627 - 65 - INFO  - ONEWIR  - open socket to message bus
2015-03-21 11:23:04,631 - 70 - INFO  - MSGBUS  - ('Connected by', ('127.0.0.1', 57163))
2015-03-21 11:23:04,634 - 69 - INFO  - ONEWIR  - send message [{"onewire":{"temp":19.3}]
2015-03-21 11:23:04,638 - 76 - INFO  - MSGBUS  - data received: {"onewire":{"temp":19.3}
2015-03-21 11:23:04,641 - 77 - INFO  - MSGBUS  - 
2015-03-21 11:23:16,481 - 97 - INFO  - ONEWIR  - /sys/bus/w1/devices/28-0314640daeff: 19.2
2015-03-21 11:23:16,485 - 65 - INFO  - ONEWIR  - open socket to message bus
2015-03-21 11:23:16,489 - 70 - INFO  - MSGBUS  - ('Connected by', ('127.0.0.1', 57164))
2015-03-21 11:23:16,492 - 69 - INFO  - ONEWIR  - send message [{"onewire":{"temp":19.2}]
2015-03-21 11:23:16,496 - 76 - INFO  - MSGBUS  - data received: {"onewire":{"temp":19.2}
2015-03-21 11:23:16,499 - 77 - INFO  - MSGBUS  - 
2015-03-21 11:23:28,331 - 97 - INFO  - ONEWIR  - /sys/bus/w1/devices/28-0314640daeff: 19.3
2015-03-21 11:23:28,335 - 65 - INFO  - ONEWIR  - open socket to message bus
2015-03-21 11:23:28,339 - 70 - INFO  - MSGBUS  - ('Connected by', ('127.0.0.1', 57165))
2015-03-21 11:23:28,342 - 69 - INFO  - ONEWIR  - send message [{"onewire":{"temp":19.3}]
2015-03-21 11:23:28,346 - 76 - INFO  - MSGBUS  - data received: {"onewire":{"temp":19.3}
2015-03-21 11:23:28,349 - 77 - INFO  - MSGBUS  - 
2015-03-21 11:23:40,181 - 97 - INFO  - ONEWIR  - /sys/bus/w1/devices/28-0314640daeff: 19.2
2015-03-21 11:23:40,185 - 65 - INFO  - ONEWIR  - open socket to message bus
2015-03-21 11:23:40,189 - 70 - INFO  - MSGBUS  - ('Connected by', ('127.0.0.1', 57166))
2015-03-21 11:23:40,192 - 69 - INFO  - ONEWIR  - send message [{"onewire":{"temp":19.2}]
2015-03-21 11:23:40,196 - 76 - INFO  - MSGBUS  - data received: {"onewire":{"temp":19.2}
2015-03-21 11:23:40,199 - 77 - INFO  - MSGBUS  - 
2015-03-21 11:23:52,031 - 97 - INFO  - ONEWIR  - /sys/bus/w1/devices/28-0314640daeff: 19.3
2015-03-21 11:23:52,035 - 65 - INFO  - ONEWIR  - open socket to message bus
2015-03-21 11:23:52,039 - 70 - INFO  - MSGBUS  - ('Connected by', ('127.0.0.1', 57167))
2015-03-21 11:23:52,042 - 69 - INFO  - ONEWIR  - send message [{"onewire":{"temp":19.3}]
2015-03-21 11:23:52,046 - 76 - INFO  - MSGBUS  - data received: {"onewire":{"temp":19.3}
2015-03-21 11:23:52,049 - 77 - INFO  - MSGBUS  - 
2015-03-21 11:24:03,911 - 97 - INFO  - ONEWIR  - /sys/bus/w1/devices/28-0314640daeff: 19.2
2015-03-21 11:24:03,915 - 65 - INFO  - ONEWIR  - open socket to message bus
2015-03-21 11:24:03,919 - 70 - INFO  - MSGBUS  - ('Connected by', ('127.0.0.1', 57168))
2015-03-21 11:24:03,922 - 69 - INFO  - ONEWIR  - send message [{"onewire":{"temp":19.2}]
2015-03-21 11:24:03,926 - 76 - INFO  - MSGBUS  - data received: {"onewire":{"temp":19.2}
2015-03-21 11:24:03,929 - 77 - INFO  - MSGBUS  - 
2015-03-21 11:24:15,761 - 97 - INFO  - ONEWIR  - /sys/bus/w1/devices/28-0314640daeff: 19.3
2015-03-21 11:24:15,765 - 65 - INFO  - ONEWIR  - open socket to message bus
2015-03-21 11:24:15,769 - 70 - INFO  - MSGBUS  - ('Connected by', ('127.0.0.1', 57169))
2015-03-21 11:24:15,772 - 69 - INFO  - ONEWIR  - send message [{"onewire":{"temp":19.3}]
2015-03-21 11:24:15,776 - 76 - INFO  - MSGBUS  - data received: {"onewire":{"temp":19.3}
2015-03-21 11:24:15,779 - 77 - INFO  - MSGBUS  - 
2015-03-21 11:24:39,441 - 97 - INFO  - ONEWIR  - /sys/bus/w1/devices/28-0314640daeff: 19.2
2015-03-21 11:24:39,445 - 65 - INFO  - ONEWIR  - open socket to message bus
2015-03-21 11:24:39,449 - 70 - INFO  - MSGBUS  - ('Connected by', ('127.0.0.1', 57170))
2015-03-21 11:24:39,452 - 69 - INFO  - ONEWIR  - send message [{"onewire":{"temp":19.2}]
2015-03-21 11:24:39,456 - 76 - INFO  - MSGBUS  - data received: {"onewire":{"temp":19.2}
2015-03-21 11:24:39,459 - 77 - INFO  - MSGBUS  - 
2015-03-21 11:25:03,121 - 97 - INFO  - ONEWIR  - /sys/bus/w1/devices/28-0314640daeff: 19.3
2015-03-21 11:25:03,125 - 65 - INFO  - ONEWIR  - open socket to message bus
2015-03-21 11:25:03,129 - 70 - INFO  - MSGBUS  - ('Connected by', ('127.0.0.1', 57171))
2015-03-21 11:25:03,132 - 69 - INFO  - ONEWIR  - send message [{"onewire":{"temp":19.3}]
2015-03-21 11:25:03,136 - 76 - INFO  - MSGBUS  - data received: {"onewire":{"temp":19.3}
2015-03-21 11:25:03,139 - 77 - INFO  - MSGBUS  - 
2015-03-21 11:25:14,971 - 97 - INFO  - ONEWIR  - /sys/bus/w1/devices/28-0314640daeff: 19.2
2015-03-21 11:25:14,975 - 65 - INFO  - ONEWIR  - open socket to message bus
2015-03-21 11:25:14,979 - 70 - INFO  - MSGBUS  - ('Connected by', ('127.0.0.1', 57172))
2015-03-21 11:25:14,982 - 69 - INFO  - ONEWIR  - send message [{"onewire":{"temp":19.2}]
2015-03-21 11:25:14,986 - 76 - INFO  - MSGBUS  - data received: {"onewire":{"temp":19.2}
2015-03-21 11:25:14,989 - 77 - INFO  - MSGBUS  - 
2015-03-21 11:25:26,821 - 97 - INFO  - ONEWIR  - /sys/bus/w1/devices/28-0314640daeff: 19.3
2015-03-21 11:25:26,825 - 65 - INFO  - ONEWIR  - open socket to message bus
2015-03-21 11:25:26,829 - 70 - INFO  - MSGBUS  - ('Connected by', ('127.0.0.1', 57173))
2015-03-21 11:25:26,832 - 69 - INFO  - ONEWIR  - send message [{"onewire":{"temp":19.3}]
2015-03-21 11:25:26,836 - 76 - INFO  - MSGBUS  - data received: {"onewire":{"temp":19.3}
2015-03-21 11:25:26,839 - 77 - INFO  - MSGBUS  - 
2015-03-21 11:25:38,671 - 97 - INFO  - ONEWIR  - /sys/bus/w1/devices/28-0314640daeff: 19.2
2015-03-21 11:25:38,677 - 65 - INFO  - ONEWIR  - open socket to message bus
2015-03-21 11:25:38,681 - 70 - INFO  - MSGBUS  - ('Connected by', ('127.0.0.1', 57174))
2015-03-21 11:25:38,684 - 69 - INFO  - ONEWIR  - send message [{"onewire":{"temp":19.2}]
2015-03-21 11:25:38,688 - 76 - INFO  - MSGBUS  - data received: {"onewire":{"temp":19.2}
2015-03-21 11:25:38,691 - 77 - INFO  - MSGBUS  - 
2015-03-21 11:25:50,521 - 97 - INFO  - ONEWIR  - /sys/bus/w1/devices/28-0314640daeff: 19.3
2015-03-21 11:25:50,525 - 65 - INFO  - ONEWIR  - open socket to message bus
2015-03-21 11:25:50,529 - 70 - INFO  - MSGBUS  - ('Connected by', ('127.0.0.1', 57175))
2015-03-21 11:25:50,532 - 69 - INFO  - ONEWIR  - send message [{"onewire":{"temp":19.3}]
2015-03-21 11:25:50,536 - 76 - INFO  - MSGBUS  - data received: {"onewire":{"temp":19.3}
2015-03-21 11:25:50,539 - 77 - INFO  - MSGBUS  - 
2015-03-21 11:26:02,371 - 97 - INFO  - ONEWIR  - /sys/bus/w1/devices/28-0314640daeff: 19.2
2015-03-21 11:26:02,375 - 65 - INFO  - ONEWIR  - open socket to message bus
2015-03-21 11:26:02,379 - 70 - INFO  - MSGBUS  - ('Connected by', ('127.0.0.1', 57176))
2015-03-21 11:26:02,382 - 69 - INFO  - ONEWIR  - send message [{"onewire":{"temp":19.2}]
2015-03-21 11:26:02,386 - 76 - INFO  - MSGBUS  - data received: {"onewire":{"temp":19.2}
2015-03-21 11:26:02,389 - 77 - INFO  - MSGBUS  - 
2015-03-21 11:26:49,721 - 97 - INFO  - ONEWIR  - /sys/bus/w1/devices/28-0314640daeff: 19.3
2015-03-21 11:26:49,725 - 65 - INFO  - ONEWIR  - open socket to message bus
2015-03-21 11:26:49,729 - 70 - INFO  - MSGBUS  - ('Connected by', ('127.0.0.1', 57177))
2015-03-21 11:26:49,732 - 69 - INFO  - ONEWIR  - send message [{"onewire":{"temp":19.3}]
2015-03-21 11:26:49,736 - 76 - INFO  - MSGBUS  - data received: {"onewire":{"temp":19.3}
2015-03-21 11:26:49,739 - 77 - INFO  - MSGBUS  - 
2015-03-21 11:27:01,571 - 97 - INFO  - ONEWIR  - /sys/bus/w1/devices/28-0314640daeff: 19.2
2015-03-21 11:27:01,575 - 65 - INFO  - ONEWIR  - open socket to message bus
2015-03-21 11:27:01,579 - 70 - INFO  - MSGBUS  - ('Connected by', ('127.0.0.1', 57178))
2015-03-21 11:27:01,582 - 69 - INFO  - ONEWIR  - send message [{"onewire":{"temp":19.2}]
2015-03-21 11:27:01,586 - 76 - INFO  - MSGBUS  - data received: {"onewire":{"temp":19.2}
2015-03-21 11:27:01,589 - 77 - INFO  - MSGBUS  - 
2015-03-21 11:40:14,221 - 97 - INFO  - ONEWIR  - /sys/bus/w1/devices/28-0314640daeff: 19.1
2015-03-21 11:40:14,225 - 65 - INFO  - ONEWIR  - open socket to message bus
2015-03-21 11:40:14,229 - 70 - INFO  - MSGBUS  - ('Connected by', ('127.0.0.1', 57179))
2015-03-21 11:40:14,232 - 69 - INFO  - ONEWIR  - send message [{"onewire":{"temp":19.1}]
2015-03-21 11:40:14,236 - 76 - INFO  - MSGBUS  - data received: {"onewire":{"temp":19.1}
2015-03-21 11:40:14,239 - 77 - INFO  - MSGBUS  - 
2015-03-21 11:40:37,901 - 97 - INFO  - ONEWIR  - /sys/bus/w1/devices/28-0314640daeff: 19.2
2015-03-21 11:40:37,905 - 65 - INFO  - ONEWIR  - open socket to message bus
2015-03-21 11:40:37,909 - 70 - INFO  - MSGBUS  - ('Connected by', ('127.0.0.1', 57180))
2015-03-21 11:40:37,912 - 69 - INFO  - ONEWIR  - send message [{"onewire":{"temp":19.2}]
2015-03-21 11:40:37,916 - 76 - INFO  - MSGBUS  - data received: {"onewire":{"temp":19.2}
2015-03-21 11:40:37,918 - 77 - INFO  - MSGBUS  - 
2015-03-21 11:40:49,751 - 97 - INFO  - ONEWIR  - /sys/bus/w1/devices/28-0314640daeff: 19.1
2015-03-21 11:40:49,755 - 65 - INFO  - ONEWIR  - open socket to message bus
2015-03-21 11:40:49,759 - 70 - INFO  - MSGBUS  - ('Connected by', ('127.0.0.1', 57181))
2015-03-21 11:40:49,762 - 69 - INFO  - ONEWIR  - send message [{"onewire":{"temp":19.1}]
2015-03-21 11:40:49,766 - 76 - INFO  - MSGBUS  - data received: {"onewire":{"temp":19.1}
2015-03-21 11:40:49,769 - 77 - INFO  - MSGBUS  - 
2015-03-21 12:02:54,741 - 97 - INFO  - ONEWIR  - /sys/bus/w1/devices/28-0314640daeff: 19.0
2015-03-21 12:02:54,745 - 65 - INFO  - ONEWIR  - open socket to message bus
2015-03-21 12:02:54,749 - 70 - INFO  - MSGBUS  - ('Connected by', ('127.0.0.1', 57182))
2015-03-21 12:02:54,752 - 69 - INFO  - ONEWIR  - send message [{"onewire":{"temp":19.0}]
2015-03-21 12:02:54,756 - 76 - INFO  - MSGBUS  - data received: {"onewire":{"temp":19.0}
2015-03-21 12:02:54,759 - 77 - INFO  - MSGBUS  - 
2015-03-21 12:03:06,591 - 97 - INFO  - ONEWIR  - /sys/bus/w1/devices/28-0314640daeff: 19.1
2015-03-21 12:03:06,595 - 65 - INFO  - ONEWIR  - open socket to message bus
2015-03-21 12:03:06,599 - 70 - INFO  - MSGBUS  - ('Connected by', ('127.0.0.1', 57183))
2015-03-21 12:03:06,602 - 69 - INFO  - ONEWIR  - send message [{"onewire":{"temp":19.1}]
2015-03-21 12:03:06,606 - 76 - INFO  - MSGBUS  - data received: {"onewire":{"temp":19.1}
2015-03-21 12:03:06,609 - 77 - INFO  - MSGBUS  - 
2015-03-21 12:03:30,271 - 97 - INFO  - ONEWIR  - /sys/bus/w1/devices/28-0314640daeff: 19.0
2015-03-21 12:03:30,278 - 65 - INFO  - ONEWIR  - open socket to message bus
2015-03-21 12:03:30,282 - 70 - INFO  - MSGBUS  - ('Connected by', ('127.0.0.1', 57184))
2015-03-21 12:03:30,286 - 69 - INFO  - ONEWIR  - send message [{"onewire":{"temp":19.0}]
2015-03-21 12:03:30,289 - 76 - INFO  - MSGBUS  - data received: {"onewire":{"temp":19.0}
2015-03-21 12:03:30,292 - 77 - INFO  - MSGBUS  - 
2015-03-21 12:03:53,961 - 97 - INFO  - ONEWIR  - /sys/bus/w1/devices/28-0314640daeff: 19.1
2015-03-21 12:03:53,965 - 65 - INFO  - ONEWIR  - open socket to message bus
2015-03-21 12:03:53,969 - 70 - INFO  - MSGBUS  - ('Connected by', ('127.0.0.1', 57185))
2015-03-21 12:03:53,972 - 69 - INFO  - ONEWIR  - send message [{"onewire":{"temp":19.1}]
2015-03-21 12:03:53,976 - 76 - INFO  - MSGBUS  - data received: {"onewire":{"temp":19.1}
2015-03-21 12:03:53,979 - 77 - INFO  - MSGBUS  - 
2015-03-21 12:04:05,811 - 97 - INFO  - ONEWIR  - /sys/bus/w1/devices/28-0314640daeff: 19.0
2015-03-21 12:04:05,815 - 65 - INFO  - ONEWIR  - open socket to message bus
2015-03-21 12:04:05,819 - 70 - INFO  - MSGBUS  - ('Connected by', ('127.0.0.1', 57186))
2015-03-21 12:04:05,822 - 69 - INFO  - ONEWIR  - send message [{"onewire":{"temp":19.0}]
2015-03-21 12:04:05,826 - 76 - INFO  - MSGBUS  - data received: {"onewire":{"temp":19.0}
2015-03-21 12:04:05,829 - 77 - INFO  - MSGBUS  - 
2015-03-21 12:08:26,091 - 97 - INFO  - ONEWIR  - /sys/bus/w1/devices/28-0314640daeff: 18.9
2015-03-21 12:08:26,095 - 65 - INFO  - ONEWIR  - open socket to message bus
2015-03-21 12:08:26,099 - 70 - INFO  - MSGBUS  - ('Connected by', ('127.0.0.1', 57187))
2015-03-21 12:08:26,102 - 69 - INFO  - ONEWIR  - send message [{"onewire":{"temp":18.9}]
2015-03-21 12:08:26,106 - 76 - INFO  - MSGBUS  - data received: {"onewire":{"temp":18.9}
2015-03-21 12:08:26,109 - 77 - INFO  - MSGBUS  - 
2015-03-21 12:21:04,081 - 97 - INFO  - ONEWIR  - /sys/bus/w1/devices/28-0314640daeff: 18.8
2015-03-21 12:21:04,085 - 65 - INFO  - ONEWIR  - open socket to message bus
2015-03-21 12:21:04,089 - 70 - INFO  - MSGBUS  - ('Connected by', ('127.0.0.1', 57188))
2015-03-21 12:21:04,092 - 69 - INFO  - ONEWIR  - send message [{"onewire":{"temp":18.8}]
2015-03-21 12:21:04,096 - 76 - INFO  - MSGBUS  - data received: {"onewire":{"temp":18.8}
2015-03-21 12:21:04,099 - 77 - INFO  - MSGBUS  - 
2015-03-21 12:21:39,591 - 97 - INFO  - ONEWIR  - /sys/bus/w1/devices/28-0314640daeff: 18.9
2015-03-21 12:21:39,597 - 65 - INFO  - ONEWIR  - open socket to message bus
2015-03-21 12:21:39,601 - 70 - INFO  - MSGBUS  - ('Connected by', ('127.0.0.1', 57189))
2015-03-21 12:21:39,604 - 69 - INFO  - ONEWIR  - send message [{"onewire":{"temp":18.9}]
2015-03-21 12:21:39,608 - 76 - INFO  - MSGBUS  - data received: {"onewire":{"temp":18.9}
2015-03-21 12:21:39,611 - 77 - INFO  - MSGBUS  - 
2015-03-21 12:21:51,441 - 97 - INFO  - ONEWIR  - /sys/bus/w1/devices/28-0314640daeff: 18.8
2015-03-21 12:21:51,445 - 65 - INFO  - ONEWIR  - open socket to message bus
2015-03-21 12:21:51,449 - 70 - INFO  - MSGBUS  - ('Connected by', ('127.0.0.1', 57190))
2015-03-21 12:21:51,452 - 69 - INFO  - ONEWIR  - send message [{"onewire":{"temp":18.8}]
2015-03-21 12:21:51,457 - 76 - INFO  - MSGBUS  - data received: {"onewire":{"temp":18.8}
2015-03-21 12:21:51,460 - 77 - INFO  - MSGBUS  - 
2015-03-21 12:48:05,702 - 97 - INFO  - ONEWIR  - /sys/bus/w1/devices/28-0314640daeff: 18.9
2015-03-21 12:48:05,705 - 65 - INFO  - ONEWIR  - open socket to message bus
2015-03-21 12:48:05,709 - 70 - INFO  - MSGBUS  - ('Connected by', ('127.0.0.1', 57191))
2015-03-21 12:48:05,713 - 69 - INFO  - ONEWIR  - send message [{"onewire":{"temp":18.9}]
2015-03-21 12:48:05,716 - 76 - INFO  - MSGBUS  - data received: {"onewire":{"temp":18.9}
2015-03-21 12:48:05,719 - 77 - INFO  - MSGBUS  - 
2015-03-21 12:48:17,561 - 97 - INFO  - ONEWIR  - /sys/bus/w1/devices/28-0314640daeff: 18.8
2015-03-21 12:48:17,565 - 65 - INFO  - ONEWIR  - open socket to message bus
2015-03-21 12:48:17,569 - 70 - INFO  - MSGBUS  - ('Connected by', ('127.0.0.1', 57192))
2015-03-21 12:48:17,572 - 69 - INFO  - ONEWIR  - send message [{"onewire":{"temp":18.8}]
2015-03-21 12:48:17,576 - 76 - INFO  - MSGBUS  - data received: {"onewire":{"temp":18.8}
2015-03-21 12:48:17,579 - 77 - INFO  - MSGBUS  - 
2015-03-21 12:48:41,241 - 97 - INFO  - ONEWIR  - /sys/bus/w1/devices/28-0314640daeff: 18.9
2015-03-21 12:48:41,248 - 65 - INFO  - ONEWIR  - open socket to message bus
2015-03-21 12:48:41,252 - 70 - INFO  - MSGBUS  - ('Connected by', ('127.0.0.1', 57193))
2015-03-21 12:48:41,256 - 69 - INFO  - ONEWIR  - send message [{"onewire":{"temp":18.9}]
2015-03-21 12:48:41,259 - 76 - INFO  - MSGBUS  - data received: {"onewire":{"temp":18.9}
2015-03-21 12:48:41,262 - 77 - INFO  - MSGBUS  - 
2015-03-21 12:48:53,091 - 97 - INFO  - ONEWIR  - /sys/bus/w1/devices/28-0314640daeff: 18.8
2015-03-21 12:48:53,095 - 65 - INFO  - ONEWIR  - open socket to message bus
2015-03-21 12:48:53,099 - 70 - INFO  - MSGBUS  - ('Connected by', ('127.0.0.1', 57194))
2015-03-21 12:48:53,102 - 69 - INFO  - ONEWIR  - send message [{"onewire":{"temp":18.8}]
2015-03-21 12:48:53,106 - 76 - INFO  - MSGBUS  - data received: {"onewire":{"temp":18.8}
2015-03-21 12:48:53,109 - 77 - INFO  - MSGBUS  - 
2015-03-21 12:49:04,941 - 97 - INFO  - ONEWIR  - /sys/bus/w1/devices/28-0314640daeff: 18.9
2015-03-21 12:49:04,945 - 65 - INFO  - ONEWIR  - open socket to message bus
2015-03-21 12:49:04,949 - 70 - INFO  - MSGBUS  - ('Connected by', ('127.0.0.1', 57195))
2015-03-21 12:49:04,952 - 69 - INFO  - ONEWIR  - send message [{"onewire":{"temp":18.9}]
2015-03-21 12:49:04,956 - 76 - INFO  - MSGBUS  - data received: {"onewire":{"temp":18.9}
2015-03-21 12:49:04,959 - 77 - INFO  - MSGBUS  - 
2015-03-21 12:49:16,791 - 97 - INFO  - ONEWIR  - /sys/bus/w1/devices/28-0314640daeff: 18.8
2015-03-21 12:49:16,795 - 65 - INFO  - ONEWIR  - open socket to message bus
2015-03-21 12:49:16,799 - 70 - INFO  - MSGBUS  - ('Connected by', ('127.0.0.1', 57196))
2015-03-21 12:49:16,802 - 69 - INFO  - ONEWIR  - send message [{"onewire":{"temp":18.8}]
2015-03-21 12:49:16,806 - 76 - INFO  - MSGBUS  - data received: {"onewire":{"temp":18.8}
2015-03-21 12:49:16,808 - 77 - INFO  - MSGBUS  - 
2015-03-21 12:49:28,641 - 97 - INFO  - ONEWIR  - /sys/bus/w1/devices/28-0314640daeff: 18.9
2015-03-21 12:49:28,645 - 65 - INFO  - ONEWIR  - open socket to message bus
2015-03-21 12:49:28,649 - 70 - INFO  - MSGBUS  - ('Connected by', ('127.0.0.1', 57197))
2015-03-21 12:49:28,652 - 69 - INFO  - ONEWIR  - send message [{"onewire":{"temp":18.9}]
2015-03-21 12:49:28,656 - 76 - INFO  - MSGBUS  - data received: {"onewire":{"temp":18.9}
2015-03-21 12:49:28,658 - 77 - INFO  - MSGBUS  - 
2015-03-21 12:51:15,131 - 97 - INFO  - ONEWIR  - /sys/bus/w1/devices/28-0314640daeff: 18.8
2015-03-21 12:51:15,135 - 65 - INFO  - ONEWIR  - open socket to message bus
2015-03-21 12:51:15,139 - 70 - INFO  - MSGBUS  - ('Connected by', ('127.0.0.1', 57198))
2015-03-21 12:51:15,142 - 69 - INFO  - ONEWIR  - send message [{"onewire":{"temp":18.8}]
2015-03-21 12:51:15,146 - 76 - INFO  - MSGBUS  - data received: {"onewire":{"temp":18.8}
2015-03-21 12:51:15,149 - 77 - INFO  - MSGBUS  - 
2015-03-21 12:51:50,641 - 97 - INFO  - ONEWIR  - /sys/bus/w1/devices/28-0314640daeff: 18.9
2015-03-21 12:51:50,648 - 65 - INFO  - ONEWIR  - open socket to message bus
2015-03-21 12:51:50,652 - 70 - INFO  - MSGBUS  - ('Connected by', ('127.0.0.1', 57199))
2015-03-21 12:51:50,656 - 69 - INFO  - ONEWIR  - send message [{"onewire":{"temp":18.9}]
2015-03-21 12:51:50,659 - 76 - INFO  - MSGBUS  - data received: {"onewire":{"temp":18.9}
2015-03-21 12:51:50,662 - 77 - INFO  - MSGBUS  - 
2015-03-21 12:52:26,161 - 97 - INFO  - ONEWIR  - /sys/bus/w1/devices/28-0314640daeff: 18.8
2015-03-21 12:52:26,165 - 65 - INFO  - ONEWIR  - open socket to message bus
2015-03-21 12:52:26,169 - 70 - INFO  - MSGBUS  - ('Connected by', ('127.0.0.1', 57200))
2015-03-21 12:52:26,172 - 69 - INFO  - ONEWIR  - send message [{"onewire":{"temp":18.8}]
2015-03-21 12:52:26,176 - 76 - INFO  - MSGBUS  - data received: {"onewire":{"temp":18.8}
2015-03-21 12:52:26,179 - 77 - INFO  - MSGBUS  - 
2015-03-21 12:52:38,011 - 97 - INFO  - ONEWIR  - /sys/bus/w1/devices/28-0314640daeff: 18.9
2015-03-21 12:52:38,015 - 65 - INFO  - ONEWIR  - open socket to message bus
2015-03-21 12:52:38,019 - 70 - INFO  - MSGBUS  - ('Connected by', ('127.0.0.1', 57201))
2015-03-21 12:52:38,022 - 69 - INFO  - ONEWIR  - send message [{"onewire":{"temp":18.9}]
2015-03-21 12:52:38,026 - 76 - INFO  - MSGBUS  - data received: {"onewire":{"temp":18.9}
2015-03-21 12:52:38,029 - 77 - INFO  - MSGBUS  - 
2015-03-21 12:52:49,861 - 97 - INFO  - ONEWIR  - /sys/bus/w1/devices/28-0314640daeff: 18.8
2015-03-21 12:52:49,865 - 65 - INFO  - ONEWIR  - open socket to message bus
2015-03-21 12:52:49,869 - 70 - INFO  - MSGBUS  - ('Connected by', ('127.0.0.1', 57202))
2015-03-21 12:52:49,872 - 69 - INFO  - ONEWIR  - send message [{"onewire":{"temp":18.8}]
2015-03-21 12:52:49,876 - 76 - INFO  - MSGBUS  - data received: {"onewire":{"temp":18.8}
2015-03-21 12:52:49,879 - 77 - INFO  - MSGBUS  - 
2015-03-21 12:53:01,711 - 97 - INFO  - ONEWIR  - /sys/bus/w1/devices/28-0314640daeff: 18.9
2015-03-21 12:53:01,715 - 65 - INFO  - ONEWIR  - open socket to message bus
2015-03-21 12:53:01,719 - 70 - INFO  - MSGBUS  - ('Connected by', ('127.0.0.1', 57203))
2015-03-21 12:53:01,722 - 69 - INFO  - ONEWIR  - send message [{"onewire":{"temp":18.9}]
2015-03-21 12:53:01,726 - 76 - INFO  - MSGBUS  - data received: {"onewire":{"temp":18.9}
2015-03-21 12:53:01,729 - 77 - INFO  - MSGBUS  - 
2015-03-21 12:53:49,051 - 97 - INFO  - ONEWIR  - /sys/bus/w1/devices/28-0314640daeff: 18.8
2015-03-21 12:53:49,055 - 65 - INFO  - ONEWIR  - open socket to message bus
2015-03-21 12:53:49,059 - 70 - INFO  - MSGBUS  - ('Connected by', ('127.0.0.1', 57204))
2015-03-21 12:53:49,062 - 69 - INFO  - ONEWIR  - send message [{"onewire":{"temp":18.8}]
2015-03-21 12:53:49,066 - 76 - INFO  - MSGBUS  - data received: {"onewire":{"temp":18.8}
2015-03-21 12:53:49,069 - 77 - INFO  - MSGBUS  - 
2015-03-21 12:54:00,901 - 97 - INFO  - ONEWIR  - /sys/bus/w1/devices/28-0314640daeff: 18.9
2015-03-21 12:54:00,905 - 65 - INFO  - ONEWIR  - open socket to message bus
2015-03-21 12:54:00,909 - 70 - INFO  - MSGBUS  - ('Connected by', ('127.0.0.1', 57205))
2015-03-21 12:54:00,912 - 69 - INFO  - ONEWIR  - send message [{"onewire":{"temp":18.9}]
2015-03-21 12:54:00,916 - 76 - INFO  - MSGBUS  - data received: {"onewire":{"temp":18.9}
2015-03-21 12:54:00,921 - 77 - INFO  - MSGBUS  - 
2015-03-21 13:10:34,641 - 97 - INFO  - ONEWIR  - /sys/bus/w1/devices/28-0314640daeff: 18.8
2015-03-21 13:10:34,645 - 65 - INFO  - ONEWIR  - open socket to message bus
2015-03-21 13:10:34,650 - 70 - INFO  - MSGBUS  - ('Connected by', ('127.0.0.1', 57206))
2015-03-21 13:10:34,653 - 69 - INFO  - ONEWIR  - send message [{"onewire":{"temp":18.8}]
2015-03-21 13:10:34,656 - 76 - INFO  - MSGBUS  - data received: {"onewire":{"temp":18.8}
2015-03-21 13:10:34,659 - 77 - INFO  - MSGBUS  - 
2015-03-21 13:10:46,501 - 97 - INFO  - ONEWIR  - /sys/bus/w1/devices/28-0314640daeff: 18.9
2015-03-21 13:10:46,508 - 65 - INFO  - ONEWIR  - open socket to message bus
2015-03-21 13:10:46,512 - 70 - INFO  - MSGBUS  - ('Connected by', ('127.0.0.1', 57207))
2015-03-21 13:10:46,516 - 69 - INFO  - ONEWIR  - send message [{"onewire":{"temp":18.9}]
2015-03-21 13:10:46,519 - 76 - INFO  - MSGBUS  - data received: {"onewire":{"temp":18.9}
2015-03-21 13:10:46,522 - 77 - INFO  - MSGBUS  - 
2015-03-21 13:11:45,681 - 97 - INFO  - ONEWIR  - /sys/bus/w1/devices/28-0314640daeff: 18.8
2015-03-21 13:11:45,685 - 65 - INFO  - ONEWIR  - open socket to message bus
2015-03-21 13:11:45,689 - 70 - INFO  - MSGBUS  - ('Connected by', ('127.0.0.1', 57208))
2015-03-21 13:11:45,692 - 69 - INFO  - ONEWIR  - send message [{"onewire":{"temp":18.8}]
2015-03-21 13:11:45,696 - 76 - INFO  - MSGBUS  - data received: {"onewire":{"temp":18.8}
2015-03-21 13:11:45,699 - 77 - INFO  - MSGBUS  - 
2015-03-21 13:12:33,051 - 97 - INFO  - ONEWIR  - /sys/bus/w1/devices/28-0314640daeff: 18.9
2015-03-21 13:12:33,055 - 65 - INFO  - ONEWIR  - open socket to message bus
2015-03-21 13:12:33,059 - 70 - INFO  - MSGBUS  - ('Connected by', ('127.0.0.1', 57209))
2015-03-21 13:12:33,062 - 69 - INFO  - ONEWIR  - send message [{"onewire":{"temp":18.9}]
2015-03-21 13:12:33,067 - 76 - INFO  - MSGBUS  - data received: {"onewire":{"temp":18.9}
2015-03-21 13:12:33,070 - 77 - INFO  - MSGBUS  - 
2015-03-21 13:13:32,231 - 97 - INFO  - ONEWIR  - /sys/bus/w1/devices/28-0314640daeff: 18.8
2015-03-21 13:13:32,236 - 65 - INFO  - ONEWIR  - open socket to message bus
2015-03-21 13:13:32,240 - 70 - INFO  - MSGBUS  - ('Connected by', ('127.0.0.1', 57210))
2015-03-21 13:13:32,244 - 69 - INFO  - ONEWIR  - send message [{"onewire":{"temp":18.8}]
2015-03-21 13:13:32,247 - 76 - INFO  - MSGBUS  - data received: {"onewire":{"temp":18.8}
2015-03-21 13:13:32,250 - 77 - INFO  - MSGBUS  - 
2015-03-21 13:13:55,921 - 97 - INFO  - ONEWIR  - /sys/bus/w1/devices/28-0314640daeff: 18.9
2015-03-21 13:13:55,925 - 65 - INFO  - ONEWIR  - open socket to message bus
2015-03-21 13:13:55,929 - 70 - INFO  - MSGBUS  - ('Connected by', ('127.0.0.1', 57211))
2015-03-21 13:13:55,932 - 69 - INFO  - ONEWIR  - send message [{"onewire":{"temp":18.9}]
2015-03-21 13:13:55,936 - 76 - INFO  - MSGBUS  - data received: {"onewire":{"temp":18.9}
2015-03-21 13:13:55,939 - 77 - INFO  - MSGBUS  - 
2015-03-21 13:14:07,771 - 97 - INFO  - ONEWIR  - /sys/bus/w1/devices/28-0314640daeff: 18.8
2015-03-21 13:14:07,775 - 65 - INFO  - ONEWIR  - open socket to message bus
2015-03-21 13:14:07,779 - 70 - INFO  - MSGBUS  - ('Connected by', ('127.0.0.1', 57212))
2015-03-21 13:14:07,782 - 69 - INFO  - ONEWIR  - send message [{"onewire":{"temp":18.8}]
2015-03-21 13:14:07,786 - 76 - INFO  - MSGBUS  - data received: {"onewire":{"temp":18.8}
2015-03-21 13:14:07,789 - 77 - INFO  - MSGBUS  - 
2015-03-21 13:14:19,621 - 97 - INFO  - ONEWIR  - /sys/bus/w1/devices/28-0314640daeff: 18.9
2015-03-21 13:14:19,625 - 65 - INFO  - ONEWIR  - open socket to message bus
2015-03-21 13:14:19,629 - 70 - INFO  - MSGBUS  - ('Connected by', ('127.0.0.1', 57213))
2015-03-21 13:14:19,632 - 69 - INFO  - ONEWIR  - send message [{"onewire":{"temp":18.9}]
2015-03-21 13:14:19,636 - 76 - INFO  - MSGBUS  - data received: {"onewire":{"temp":18.9}
2015-03-21 13:14:19,639 - 77 - INFO  - MSGBUS  - 
2015-03-21 13:14:55,131 - 97 - INFO  - ONEWIR  - /sys/bus/w1/devices/28-0314640daeff: 18.8
2015-03-21 13:14:55,135 - 65 - INFO  - ONEWIR  - open socket to message bus
2015-03-21 13:14:55,139 - 70 - INFO  - MSGBUS  - ('Connected by', ('127.0.0.1', 57214))
2015-03-21 13:14:55,142 - 69 - INFO  - ONEWIR  - send message [{"onewire":{"temp":18.8}]
2015-03-21 13:14:55,146 - 76 - INFO  - MSGBUS  - data received: {"onewire":{"temp":18.8}
2015-03-21 13:14:55,149 - 77 - INFO  - MSGBUS  - 
2015-03-21 13:15:30,641 - 97 - INFO  - ONEWIR  - /sys/bus/w1/devices/28-0314640daeff: 18.9
2015-03-21 13:15:30,647 - 65 - INFO  - ONEWIR  - open socket to message bus
2015-03-21 13:15:30,651 - 70 - INFO  - MSGBUS  - ('Connected by', ('127.0.0.1', 57215))
2015-03-21 13:15:30,655 - 69 - INFO  - ONEWIR  - send message [{"onewire":{"temp":18.9}]
2015-03-21 13:15:30,658 - 76 - INFO  - MSGBUS  - data received: {"onewire":{"temp":18.9}
2015-03-21 13:15:30,661 - 77 - INFO  - MSGBUS  - 
2015-03-21 13:15:42,501 - 97 - INFO  - ONEWIR  - /sys/bus/w1/devices/28-0314640daeff: 18.8
2015-03-21 13:15:42,505 - 65 - INFO  - ONEWIR  - open socket to message bus
2015-03-21 13:15:42,509 - 70 - INFO  - MSGBUS  - ('Connected by', ('127.0.0.1', 57216))
2015-03-21 13:15:42,512 - 69 - INFO  - ONEWIR  - send message [{"onewire":{"temp":18.8}]
2015-03-21 13:15:42,516 - 76 - INFO  - MSGBUS  - data received: {"onewire":{"temp":18.8}
2015-03-21 13:15:42,519 - 77 - INFO  - MSGBUS  - 
2015-03-21 13:15:54,351 - 97 - INFO  - ONEWIR  - /sys/bus/w1/devices/28-0314640daeff: 18.9
2015-03-21 13:15:54,355 - 65 - INFO  - ONEWIR  - open socket to message bus
2015-03-21 13:15:54,359 - 70 - INFO  - MSGBUS  - ('Connected by', ('127.0.0.1', 57217))
2015-03-21 13:15:54,362 - 69 - INFO  - ONEWIR  - send message [{"onewire":{"temp":18.9}]
2015-03-21 13:15:54,366 - 76 - INFO  - MSGBUS  - data received: {"onewire":{"temp":18.9}
2015-03-21 13:15:54,369 - 77 - INFO  - MSGBUS  - 
2015-03-21 13:16:06,201 - 97 - INFO  - ONEWIR  - /sys/bus/w1/devices/28-0314640daeff: 18.8
2015-03-21 13:16:06,205 - 65 - INFO  - ONEWIR  - open socket to message bus
2015-03-21 13:16:06,209 - 70 - INFO  - MSGBUS  - ('Connected by', ('127.0.0.1', 57218))
2015-03-21 13:16:06,212 - 69 - INFO  - ONEWIR  - send message [{"onewire":{"temp":18.8}]
2015-03-21 13:16:06,216 - 76 - INFO  - MSGBUS  - data received: {"onewire":{"temp":18.8}
2015-03-21 13:16:06,219 - 77 - INFO  - MSGBUS  - 
2015-03-21 13:16:18,051 - 97 - INFO  - ONEWIR  - /sys/bus/w1/devices/28-0314640daeff: 18.9
2015-03-21 13:16:18,055 - 65 - INFO  - ONEWIR  - open socket to message bus
2015-03-21 13:16:18,059 - 70 - INFO  - MSGBUS  - ('Connected by', ('127.0.0.1', 57219))
2015-03-21 13:16:18,062 - 69 - INFO  - ONEWIR  - send message [{"onewire":{"temp":18.9}]
2015-03-21 13:16:18,066 - 76 - INFO  - MSGBUS  - data received: {"onewire":{"temp":18.9}
2015-03-21 13:16:18,069 - 77 - INFO  - MSGBUS  - 
2015-03-21 13:16:29,901 - 97 - INFO  - ONEWIR  - /sys/bus/w1/devices/28-0314640daeff: 18.8
2015-03-21 13:16:29,905 - 65 - INFO  - ONEWIR  - open socket to message bus
2015-03-21 13:16:29,909 - 70 - INFO  - MSGBUS  - ('Connected by', ('127.0.0.1', 57220))
2015-03-21 13:16:29,912 - 69 - INFO  - ONEWIR  - send message [{"onewire":{"temp":18.8}]
2015-03-21 13:16:29,916 - 76 - INFO  - MSGBUS  - data received: {"onewire":{"temp":18.8}
2015-03-21 13:16:29,919 - 77 - INFO  - MSGBUS  - 
2015-03-21 13:16:41,751 - 97 - INFO  - ONEWIR  - /sys/bus/w1/devices/28-0314640daeff: 18.9
2015-03-21 13:16:41,755 - 65 - INFO  - ONEWIR  - open socket to message bus
2015-03-21 13:16:41,759 - 70 - INFO  - MSGBUS  - ('Connected by', ('127.0.0.1', 57221))
2015-03-21 13:16:41,762 - 69 - INFO  - ONEWIR  - send message [{"onewire":{"temp":18.9}]
2015-03-21 13:16:41,766 - 76 - INFO  - MSGBUS  - data received: {"onewire":{"temp":18.9}
2015-03-21 13:16:41,769 - 77 - INFO  - MSGBUS  - 
2015-03-21 13:17:17,261 - 97 - INFO  - ONEWIR  - /sys/bus/w1/devices/28-0314640daeff: 18.8
2015-03-21 13:17:17,265 - 65 - INFO  - ONEWIR  - open socket to message bus
2015-03-21 13:17:17,269 - 70 - INFO  - MSGBUS  - ('Connected by', ('127.0.0.1', 57222))
2015-03-21 13:17:17,272 - 69 - INFO  - ONEWIR  - send message [{"onewire":{"temp":18.8}]
2015-03-21 13:17:17,276 - 76 - INFO  - MSGBUS  - data received: {"onewire":{"temp":18.8}
2015-03-21 13:17:17,278 - 77 - INFO  - MSGBUS  - 
2015-03-21 13:17:52,771 - 97 - INFO  - ONEWIR  - /sys/bus/w1/devices/28-0314640daeff: 18.9
2015-03-21 13:17:52,775 - 65 - INFO  - ONEWIR  - open socket to message bus
2015-03-21 13:17:52,779 - 70 - INFO  - MSGBUS  - ('Connected by', ('127.0.0.1', 57223))
2015-03-21 13:17:52,782 - 69 - INFO  - ONEWIR  - send message [{"onewire":{"temp":18.9}]
2015-03-21 13:17:52,786 - 76 - INFO  - MSGBUS  - data received: {"onewire":{"temp":18.9}
2015-03-21 13:17:52,789 - 77 - INFO  - MSGBUS  - 
2015-03-21 13:18:04,621 - 97 - INFO  - ONEWIR  - /sys/bus/w1/devices/28-0314640daeff: 18.8
2015-03-21 13:18:04,625 - 65 - INFO  - ONEWIR  - open socket to message bus
2015-03-21 13:18:04,629 - 70 - INFO  - MSGBUS  - ('Connected by', ('127.0.0.1', 57224))
2015-03-21 13:18:04,632 - 69 - INFO  - ONEWIR  - send message [{"onewire":{"temp":18.8}]
2015-03-21 13:18:04,636 - 76 - INFO  - MSGBUS  - data received: {"onewire":{"temp":18.8}
2015-03-21 13:18:04,639 - 77 - INFO  - MSGBUS  - 
2015-03-21 13:20:26,611 - 97 - INFO  - ONEWIR  - /sys/bus/w1/devices/28-0314640daeff: 18.9
2015-03-21 13:20:26,615 - 65 - INFO  - ONEWIR  - open socket to message bus
2015-03-21 13:20:26,619 - 70 - INFO  - MSGBUS  - ('Connected by', ('127.0.0.1', 57225))
2015-03-21 13:20:26,622 - 69 - INFO  - ONEWIR  - send message [{"onewire":{"temp":18.9}]
2015-03-21 13:20:26,626 - 76 - INFO  - MSGBUS  - data received: {"onewire":{"temp":18.9}
2015-03-21 13:20:26,629 - 77 - INFO  - MSGBUS  - 
2015-03-21 13:20:38,461 - 97 - INFO  - ONEWIR  - /sys/bus/w1/devices/28-0314640daeff: 18.8
2015-03-21 13:20:38,465 - 65 - INFO  - ONEWIR  - open socket to message bus
2015-03-21 13:20:38,469 - 70 - INFO  - MSGBUS  - ('Connected by', ('127.0.0.1', 57226))
2015-03-21 13:20:38,472 - 69 - INFO  - ONEWIR  - send message [{"onewire":{"temp":18.8}]
2015-03-21 13:20:38,476 - 76 - INFO  - MSGBUS  - data received: {"onewire":{"temp":18.8}
2015-03-21 13:20:38,478 - 77 - INFO  - MSGBUS  - 
2015-03-21 13:49:26,491 - 97 - INFO  - ONEWIR  - /sys/bus/w1/devices/28-0314640daeff: 18.9
2015-03-21 13:49:26,495 - 65 - INFO  - ONEWIR  - open socket to message bus
2015-03-21 13:49:26,499 - 70 - INFO  - MSGBUS  - ('Connected by', ('127.0.0.1', 57227))
2015-03-21 13:49:26,502 - 69 - INFO  - ONEWIR  - send message [{"onewire":{"temp":18.9}]
2015-03-21 13:49:26,506 - 76 - INFO  - MSGBUS  - data received: {"onewire":{"temp":18.9}
2015-03-21 13:49:26,509 - 77 - INFO  - MSGBUS  - 
2015-03-21 14:10:08,711 - 97 - INFO  - ONEWIR  - /sys/bus/w1/devices/28-0314640daeff: 18.8
2015-03-21 14:10:08,715 - 65 - INFO  - ONEWIR  - open socket to message bus
2015-03-21 14:10:08,719 - 70 - INFO  - MSGBUS  - ('Connected by', ('127.0.0.1', 57228))
2015-03-21 14:10:08,723 - 69 - INFO  - ONEWIR  - send message [{"onewire":{"temp":18.8}]
2015-03-21 14:10:08,726 - 76 - INFO  - MSGBUS  - data received: {"onewire":{"temp":18.8}
2015-03-21 14:10:08,729 - 77 - INFO  - MSGBUS  - 
2015-03-21 14:10:20,571 - 97 - INFO  - ONEWIR  - /sys/bus/w1/devices/28-0314640daeff: 18.9
2015-03-21 14:10:20,575 - 65 - INFO  - ONEWIR  - open socket to message bus
2015-03-21 14:10:20,579 - 70 - INFO  - MSGBUS  - ('Connected by', ('127.0.0.1', 57229))
2015-03-21 14:10:20,582 - 69 - INFO  - ONEWIR  - send message [{"onewire":{"temp":18.9}]
2015-03-21 14:10:20,586 - 76 - INFO  - MSGBUS  - data received: {"onewire":{"temp":18.9}
2015-03-21 14:10:20,589 - 77 - INFO  - MSGBUS  - 
2015-03-21 14:10:32,421 - 97 - INFO  - ONEWIR  - /sys/bus/w1/devices/28-0314640daeff: 18.8
2015-03-21 14:10:32,425 - 65 - INFO  - ONEWIR  - open socket to message bus
2015-03-21 14:10:32,429 - 70 - INFO  - MSGBUS  - ('Connected by', ('127.0.0.1', 57230))
2015-03-21 14:10:32,432 - 69 - INFO  - ONEWIR  - send message [{"onewire":{"temp":18.8}]
2015-03-21 14:10:32,436 - 76 - INFO  - MSGBUS  - data received: {"onewire":{"temp":18.8}
2015-03-21 14:10:32,439 - 77 - INFO  - MSGBUS  - 
2015-03-21 14:10:44,271 - 97 - INFO  - ONEWIR  - /sys/bus/w1/devices/28-0314640daeff: 18.9
2015-03-21 14:10:44,277 - 65 - INFO  - ONEWIR  - open socket to message bus
2015-03-21 14:10:44,281 - 70 - INFO  - MSGBUS  - ('Connected by', ('127.0.0.1', 57231))
2015-03-21 14:10:44,284 - 69 - INFO  - ONEWIR  - send message [{"onewire":{"temp":18.9}]
2015-03-21 14:10:44,288 - 76 - INFO  - MSGBUS  - data received: {"onewire":{"temp":18.9}
2015-03-21 14:10:44,291 - 77 - INFO  - MSGBUS  - 
2015-03-21 14:11:31,621 - 97 - INFO  - ONEWIR  - /sys/bus/w1/devices/28-0314640daeff: 18.8
2015-03-21 14:11:31,625 - 65 - INFO  - ONEWIR  - open socket to message bus
2015-03-21 14:11:31,629 - 70 - INFO  - MSGBUS  - ('Connected by', ('127.0.0.1', 57232))
2015-03-21 14:11:31,632 - 69 - INFO  - ONEWIR  - send message [{"onewire":{"temp":18.8}]
2015-03-21 14:11:31,636 - 76 - INFO  - MSGBUS  - data received: {"onewire":{"temp":18.8}
2015-03-21 14:11:31,639 - 77 - INFO  - MSGBUS  - 
2015-03-21 14:11:43,471 - 97 - INFO  - ONEWIR  - /sys/bus/w1/devices/28-0314640daeff: 18.9
2015-03-21 14:11:43,475 - 65 - INFO  - ONEWIR  - open socket to message bus
2015-03-21 14:11:43,479 - 70 - INFO  - MSGBUS  - ('Connected by', ('127.0.0.1', 57233))
2015-03-21 14:11:43,482 - 69 - INFO  - ONEWIR  - send message [{"onewire":{"temp":18.9}]
2015-03-21 14:11:43,486 - 76 - INFO  - MSGBUS  - data received: {"onewire":{"temp":18.9}
2015-03-21 14:11:43,489 - 77 - INFO  - MSGBUS  - 
2015-03-21 14:12:42,641 - 97 - INFO  - ONEWIR  - /sys/bus/w1/devices/28-0314640daeff: 18.8
2015-03-21 14:12:42,645 - 65 - INFO  - ONEWIR  - open socket to message bus
2015-03-21 14:12:42,649 - 70 - INFO  - MSGBUS  - ('Connected by', ('127.0.0.1', 57234))
2015-03-21 14:12:42,652 - 69 - INFO  - ONEWIR  - send message [{"onewire":{"temp":18.8}]
2015-03-21 14:12:42,656 - 76 - INFO  - MSGBUS  - data received: {"onewire":{"temp":18.8}
2015-03-21 14:12:42,658 - 77 - INFO  - MSGBUS  - 
2015-03-21 14:12:54,491 - 97 - INFO  - ONEWIR  - /sys/bus/w1/devices/28-0314640daeff: 18.9
2015-03-21 14:12:54,495 - 65 - INFO  - ONEWIR  - open socket to message bus
2015-03-21 14:12:54,499 - 70 - INFO  - MSGBUS  - ('Connected by', ('127.0.0.1', 57235))
2015-03-21 14:12:54,502 - 69 - INFO  - ONEWIR  - send message [{"onewire":{"temp":18.9}]
2015-03-21 14:12:54,506 - 76 - INFO  - MSGBUS  - data received: {"onewire":{"temp":18.9}
2015-03-21 14:12:54,508 - 77 - INFO  - MSGBUS  - 
2015-03-21 14:13:06,343 - 97 - INFO  - ONEWIR  - /sys/bus/w1/devices/28-0314640daeff: 18.8
2015-03-21 14:13:06,346 - 65 - INFO  - ONEWIR  - open socket to message bus
2015-03-21 14:13:06,350 - 70 - INFO  - MSGBUS  - ('Connected by', ('127.0.0.1', 57236))
2015-03-21 14:13:06,353 - 69 - INFO  - ONEWIR  - send message [{"onewire":{"temp":18.8}]
2015-03-21 14:13:06,357 - 76 - INFO  - MSGBUS  - data received: {"onewire":{"temp":18.8}
2015-03-21 14:13:06,360 - 77 - INFO  - MSGBUS  - 
2015-03-21 14:13:30,021 - 97 - INFO  - ONEWIR  - /sys/bus/w1/devices/28-0314640daeff: 18.9
2015-03-21 14:13:30,025 - 65 - INFO  - ONEWIR  - open socket to message bus
2015-03-21 14:13:30,029 - 70 - INFO  - MSGBUS  - ('Connected by', ('127.0.0.1', 57237))
2015-03-21 14:13:30,032 - 69 - INFO  - ONEWIR  - send message [{"onewire":{"temp":18.9}]
2015-03-21 14:13:30,036 - 76 - INFO  - MSGBUS  - data received: {"onewire":{"temp":18.9}
2015-03-21 14:13:30,039 - 77 - INFO  - MSGBUS  - 
2015-03-21 14:13:41,871 - 97 - INFO  - ONEWIR  - /sys/bus/w1/devices/28-0314640daeff: 18.8
2015-03-21 14:13:41,875 - 65 - INFO  - ONEWIR  - open socket to message bus
2015-03-21 14:13:41,879 - 70 - INFO  - MSGBUS  - ('Connected by', ('127.0.0.1', 57238))
2015-03-21 14:13:41,882 - 69 - INFO  - ONEWIR  - send message [{"onewire":{"temp":18.8}]
2015-03-21 14:13:41,886 - 76 - INFO  - MSGBUS  - data received: {"onewire":{"temp":18.8}
2015-03-21 14:13:41,889 - 77 - INFO  - MSGBUS  - 
2015-03-21 14:40:07,181 - 97 - INFO  - ONEWIR  - /sys/bus/w1/devices/28-0314640daeff: 18.7
2015-03-21 14:40:07,185 - 65 - INFO  - ONEWIR  - open socket to message bus
2015-03-21 14:40:07,189 - 70 - INFO  - MSGBUS  - ('Connected by', ('127.0.0.1', 57239))
2015-03-21 14:40:07,193 - 69 - INFO  - ONEWIR  - send message [{"onewire":{"temp":18.7}]
2015-03-21 14:40:07,196 - 76 - INFO  - MSGBUS  - data received: {"onewire":{"temp":18.7}
2015-03-21 14:40:07,199 - 77 - INFO  - MSGBUS  - 
2015-03-21 14:43:28,311 - 97 - INFO  - ONEWIR  - /sys/bus/w1/devices/28-0314640daeff: 18.8
2015-03-21 14:43:28,315 - 65 - INFO  - ONEWIR  - open socket to message bus
2015-03-21 14:43:28,319 - 70 - INFO  - MSGBUS  - ('Connected by', ('127.0.0.1', 57240))
2015-03-21 14:43:28,322 - 69 - INFO  - ONEWIR  - send message [{"onewire":{"temp":18.8}]
2015-03-21 14:43:28,326 - 76 - INFO  - MSGBUS  - data received: {"onewire":{"temp":18.8}
2015-03-21 14:43:28,329 - 77 - INFO  - MSGBUS  - 
2015-03-21 14:53:19,841 - 97 - INFO  - ONEWIR  - /sys/bus/w1/devices/28-0314640daeff: 18.9
2015-03-21 14:53:19,845 - 65 - INFO  - ONEWIR  - open socket to message bus
2015-03-21 14:53:19,849 - 70 - INFO  - MSGBUS  - ('Connected by', ('127.0.0.1', 57241))
2015-03-21 14:53:19,852 - 69 - INFO  - ONEWIR  - send message [{"onewire":{"temp":18.9}]
2015-03-21 14:53:19,856 - 76 - INFO  - MSGBUS  - data received: {"onewire":{"temp":18.9}
2015-03-21 14:53:19,859 - 77 - INFO  - MSGBUS  - 
2015-03-21 14:53:31,691 - 97 - INFO  - ONEWIR  - /sys/bus/w1/devices/28-0314640daeff: 18.8
2015-03-21 14:53:31,695 - 65 - INFO  - ONEWIR  - open socket to message bus
2015-03-21 14:53:31,699 - 70 - INFO  - MSGBUS  - ('Connected by', ('127.0.0.1', 57242))
2015-03-21 14:53:31,702 - 69 - INFO  - ONEWIR  - send message [{"onewire":{"temp":18.8}]
2015-03-21 14:53:31,706 - 76 - INFO  - MSGBUS  - data received: {"onewire":{"temp":18.8}
2015-03-21 14:53:31,709 - 77 - INFO  - MSGBUS  - 
2015-03-21 14:54:19,031 - 97 - INFO  - ONEWIR  - /sys/bus/w1/devices/28-0314640daeff: 18.9
2015-03-21 14:54:19,035 - 65 - INFO  - ONEWIR  - open socket to message bus
2015-03-21 14:54:19,039 - 70 - INFO  - MSGBUS  - ('Connected by', ('127.0.0.1', 57243))
2015-03-21 14:54:19,042 - 69 - INFO  - ONEWIR  - send message [{"onewire":{"temp":18.9}]
2015-03-21 14:54:19,046 - 76 - INFO  - MSGBUS  - data received: {"onewire":{"temp":18.9}
2015-03-21 14:54:19,049 - 77 - INFO  - MSGBUS  - 
2015-03-21 15:26:41,641 - 97 - INFO  - ONEWIR  - /sys/bus/w1/devices/28-0314640daeff: 19.0
2015-03-21 15:26:41,645 - 65 - INFO  - ONEWIR  - open socket to message bus
2015-03-21 15:26:41,649 - 70 - INFO  - MSGBUS  - ('Connected by', ('127.0.0.1', 57244))
2015-03-21 15:26:41,653 - 69 - INFO  - ONEWIR  - send message [{"onewire":{"temp":19.0}]
2015-03-21 15:26:41,656 - 76 - INFO  - MSGBUS  - data received: {"onewire":{"temp":19.0}
2015-03-21 15:26:41,659 - 77 - INFO  - MSGBUS  - 
2015-03-21 15:29:39,121 - 97 - INFO  - ONEWIR  - /sys/bus/w1/devices/28-0314640daeff: 19.1
2015-03-21 15:29:39,125 - 65 - INFO  - ONEWIR  - open socket to message bus
2015-03-21 15:29:39,129 - 70 - INFO  - MSGBUS  - ('Connected by', ('127.0.0.1', 57245))
2015-03-21 15:29:39,132 - 69 - INFO  - ONEWIR  - send message [{"onewire":{"temp":19.1}]
2015-03-21 15:29:39,136 - 76 - INFO  - MSGBUS  - data received: {"onewire":{"temp":19.1}
2015-03-21 15:29:39,139 - 77 - INFO  - MSGBUS  - 
2015-03-21 15:34:46,721 - 97 - INFO  - ONEWIR  - /sys/bus/w1/devices/28-0314640daeff: 19.2
2015-03-21 15:34:46,725 - 65 - INFO  - ONEWIR  - open socket to message bus
2015-03-21 15:34:46,729 - 70 - INFO  - MSGBUS  - ('Connected by', ('127.0.0.1', 57246))
2015-03-21 15:34:46,732 - 69 - INFO  - ONEWIR  - send message [{"onewire":{"temp":19.2}]
2015-03-21 15:34:46,736 - 76 - INFO  - MSGBUS  - data received: {"onewire":{"temp":19.2}
2015-03-21 15:34:46,739 - 77 - INFO  - MSGBUS  - 
2015-03-21 15:37:08,701 - 97 - INFO  - ONEWIR  - /sys/bus/w1/devices/28-0314640daeff: 19.3
2015-03-21 15:37:08,705 - 65 - INFO  - ONEWIR  - open socket to message bus
2015-03-21 15:37:08,709 - 70 - INFO  - MSGBUS  - ('Connected by', ('127.0.0.1', 57247))
2015-03-21 15:37:08,712 - 69 - INFO  - ONEWIR  - send message [{"onewire":{"temp":19.3}]
2015-03-21 15:37:08,716 - 76 - INFO  - MSGBUS  - data received: {"onewire":{"temp":19.3}
2015-03-21 15:37:08,719 - 77 - INFO  - MSGBUS  - 
2015-03-21 15:37:20,551 - 97 - INFO  - ONEWIR  - /sys/bus/w1/devices/28-0314640daeff: 19.2
2015-03-21 15:37:20,555 - 65 - INFO  - ONEWIR  - open socket to message bus
2015-03-21 15:37:20,559 - 70 - INFO  - MSGBUS  - ('Connected by', ('127.0.0.1', 57248))
2015-03-21 15:37:20,562 - 69 - INFO  - ONEWIR  - send message [{"onewire":{"temp":19.2}]
2015-03-21 15:37:20,566 - 76 - INFO  - MSGBUS  - data received: {"onewire":{"temp":19.2}
2015-03-21 15:37:20,569 - 77 - INFO  - MSGBUS  - 
2015-03-21 15:37:32,401 - 97 - INFO  - ONEWIR  - /sys/bus/w1/devices/28-0314640daeff: 19.3
2015-03-21 15:37:32,405 - 65 - INFO  - ONEWIR  - open socket to message bus
2015-03-21 15:37:32,409 - 70 - INFO  - MSGBUS  - ('Connected by', ('127.0.0.1', 57249))
2015-03-21 15:37:32,412 - 69 - INFO  - ONEWIR  - send message [{"onewire":{"temp":19.3}]
2015-03-21 15:37:32,416 - 76 - INFO  - MSGBUS  - data received: {"onewire":{"temp":19.3}
2015-03-21 15:37:32,419 - 77 - INFO  - MSGBUS  - 
2015-03-21 15:43:50,981 - 97 - INFO  - ONEWIR  - /sys/bus/w1/devices/28-0314640daeff: 19.4
2015-03-21 15:43:50,985 - 65 - INFO  - ONEWIR  - open socket to message bus
2015-03-21 15:43:50,989 - 70 - INFO  - MSGBUS  - ('Connected by', ('127.0.0.1', 57250))
2015-03-21 15:43:50,992 - 69 - INFO  - ONEWIR  - send message [{"onewire":{"temp":19.4}]
2015-03-21 15:43:50,996 - 76 - INFO  - MSGBUS  - data received: {"onewire":{"temp":19.4}
2015-03-21 15:43:50,999 - 77 - INFO  - MSGBUS  - 
2015-03-21 15:48:46,761 - 97 - INFO  - ONEWIR  - /sys/bus/w1/devices/28-0314640daeff: 19.5
2015-03-21 15:48:46,765 - 65 - INFO  - ONEWIR  - open socket to message bus
2015-03-21 15:48:46,769 - 70 - INFO  - MSGBUS  - ('Connected by', ('127.0.0.1', 57251))
2015-03-21 15:48:46,773 - 69 - INFO  - ONEWIR  - send message [{"onewire":{"temp":19.5}]
2015-03-21 15:48:46,776 - 76 - INFO  - MSGBUS  - data received: {"onewire":{"temp":19.5}
2015-03-21 15:48:46,779 - 77 - INFO  - MSGBUS  - 
2015-03-21 15:51:08,791 - 97 - INFO  - ONEWIR  - /sys/bus/w1/devices/28-0314640daeff: 19.6
2015-03-21 15:51:08,795 - 65 - INFO  - ONEWIR  - open socket to message bus
2015-03-21 15:51:08,799 - 70 - INFO  - MSGBUS  - ('Connected by', ('127.0.0.1', 57252))
2015-03-21 15:51:08,802 - 69 - INFO  - ONEWIR  - send message [{"onewire":{"temp":19.6}]
2015-03-21 15:51:08,806 - 76 - INFO  - MSGBUS  - data received: {"onewire":{"temp":19.6}
2015-03-21 15:51:08,809 - 77 - INFO  - MSGBUS  - 
2015-03-21 15:51:32,471 - 97 - INFO  - ONEWIR  - /sys/bus/w1/devices/28-0314640daeff: 19.5
2015-03-21 15:51:32,475 - 65 - INFO  - ONEWIR  - open socket to message bus
2015-03-21 15:51:32,479 - 70 - INFO  - MSGBUS  - ('Connected by', ('127.0.0.1', 57253))
2015-03-21 15:51:32,482 - 69 - INFO  - ONEWIR  - send message [{"onewire":{"temp":19.5}]
2015-03-21 15:51:32,486 - 76 - INFO  - MSGBUS  - data received: {"onewire":{"temp":19.5}
2015-03-21 15:51:32,489 - 77 - INFO  - MSGBUS  - 
2015-03-21 15:51:44,321 - 97 - INFO  - ONEWIR  - /sys/bus/w1/devices/28-0314640daeff: 19.6
2015-03-21 15:51:44,328 - 65 - INFO  - ONEWIR  - open socket to message bus
2015-03-21 15:51:44,332 - 70 - INFO  - MSGBUS  - ('Connected by', ('127.0.0.1', 57254))
2015-03-21 15:51:44,336 - 69 - INFO  - ONEWIR  - send message [{"onewire":{"temp":19.6}]
2015-03-21 15:51:44,339 - 76 - INFO  - MSGBUS  - data received: {"onewire":{"temp":19.6}
2015-03-21 15:51:44,342 - 77 - INFO  - MSGBUS  - 
2015-03-21 15:59:02,071 - 97 - INFO  - ONEWIR  - /sys/bus/w1/devices/28-0314640daeff: 19.7
2015-03-21 15:59:02,075 - 65 - INFO  - ONEWIR  - open socket to message bus
2015-03-21 15:59:02,079 - 70 - INFO  - MSGBUS  - ('Connected by', ('127.0.0.1', 57255))
2015-03-21 15:59:02,082 - 69 - INFO  - ONEWIR  - send message [{"onewire":{"temp":19.7}]
2015-03-21 15:59:02,086 - 76 - INFO  - MSGBUS  - data received: {"onewire":{"temp":19.7}
2015-03-21 15:59:02,089 - 77 - INFO  - MSGBUS  - 
2015-03-21 16:01:24,041 - 97 - INFO  - ONEWIR  - /sys/bus/w1/devices/28-0314640daeff: 19.8
2015-03-21 16:01:24,045 - 65 - INFO  - ONEWIR  - open socket to message bus
2015-03-21 16:01:24,049 - 70 - INFO  - MSGBUS  - ('Connected by', ('127.0.0.1', 57256))
2015-03-21 16:01:24,052 - 69 - INFO  - ONEWIR  - send message [{"onewire":{"temp":19.8}]
2015-03-21 16:01:24,056 - 76 - INFO  - MSGBUS  - data received: {"onewire":{"temp":19.8}
2015-03-21 16:01:24,059 - 77 - INFO  - MSGBUS  - 
2015-03-21 16:01:35,891 - 97 - INFO  - ONEWIR  - /sys/bus/w1/devices/28-0314640daeff: 19.7
2015-03-21 16:01:35,895 - 65 - INFO  - ONEWIR  - open socket to message bus
2015-03-21 16:01:35,899 - 70 - INFO  - MSGBUS  - ('Connected by', ('127.0.0.1', 57257))
2015-03-21 16:01:35,902 - 69 - INFO  - ONEWIR  - send message [{"onewire":{"temp":19.7}]
2015-03-21 16:01:35,906 - 76 - INFO  - MSGBUS  - data received: {"onewire":{"temp":19.7}
2015-03-21 16:01:35,909 - 77 - INFO  - MSGBUS  - 
2015-03-21 16:01:59,571 - 97 - INFO  - ONEWIR  - /sys/bus/w1/devices/28-0314640daeff: 19.8
2015-03-21 16:01:59,577 - 65 - INFO  - ONEWIR  - open socket to message bus
2015-03-21 16:01:59,581 - 70 - INFO  - MSGBUS  - ('Connected by', ('127.0.0.1', 57258))
2015-03-21 16:01:59,584 - 69 - INFO  - ONEWIR  - send message [{"onewire":{"temp":19.8}]
2015-03-21 16:01:59,588 - 76 - INFO  - MSGBUS  - data received: {"onewire":{"temp":19.8}
2015-03-21 16:01:59,591 - 77 - INFO  - MSGBUS  - 
2015-03-21 16:09:17,311 - 97 - INFO  - ONEWIR  - /sys/bus/w1/devices/28-0314640daeff: 19.9
2015-03-21 16:09:17,315 - 65 - INFO  - ONEWIR  - open socket to message bus
2015-03-21 16:09:17,319 - 70 - INFO  - MSGBUS  - ('Connected by', ('127.0.0.1', 57259))
2015-03-21 16:09:17,323 - 69 - INFO  - ONEWIR  - send message [{"onewire":{"temp":19.9}]
2015-03-21 16:09:17,326 - 76 - INFO  - MSGBUS  - data received: {"onewire":{"temp":19.9}
2015-03-21 16:09:17,329 - 77 - INFO  - MSGBUS  - 
2015-03-21 16:23:52,811 - 97 - INFO  - ONEWIR  - /sys/bus/w1/devices/28-0314640daeff: 20.0
2015-03-21 16:23:52,815 - 65 - INFO  - ONEWIR  - open socket to message bus
2015-03-21 16:23:52,819 - 70 - INFO  - MSGBUS  - ('Connected by', ('127.0.0.1', 57260))
2015-03-21 16:23:52,822 - 69 - INFO  - ONEWIR  - send message [{"onewire":{"temp":20.0}]
2015-03-21 16:23:52,826 - 76 - INFO  - MSGBUS  - data received: {"onewire":{"temp":20.0}
2015-03-21 16:23:52,829 - 77 - INFO  - MSGBUS  - 
2015-03-21 16:24:04,661 - 97 - INFO  - ONEWIR  - /sys/bus/w1/devices/28-0314640daeff: 19.9
2015-03-21 16:24:04,665 - 65 - INFO  - ONEWIR  - open socket to message bus
2015-03-21 16:24:04,669 - 70 - INFO  - MSGBUS  - ('Connected by', ('127.0.0.1', 57261))
2015-03-21 16:24:04,672 - 69 - INFO  - ONEWIR  - send message [{"onewire":{"temp":19.9}]
2015-03-21 16:24:04,676 - 76 - INFO  - MSGBUS  - data received: {"onewire":{"temp":19.9}
2015-03-21 16:24:04,679 - 77 - INFO  - MSGBUS  - 
2015-03-21 16:24:52,001 - 97 - INFO  - ONEWIR  - /sys/bus/w1/devices/28-0314640daeff: 20.0
2015-03-21 16:24:52,005 - 65 - INFO  - ONEWIR  - open socket to message bus
2015-03-21 16:24:52,009 - 70 - INFO  - MSGBUS  - ('Connected by', ('127.0.0.1', 57262))
2015-03-21 16:24:52,013 - 69 - INFO  - ONEWIR  - send message [{"onewire":{"temp":20.0}]
2015-03-21 16:24:52,016 - 76 - INFO  - MSGBUS  - data received: {"onewire":{"temp":20.0}
2015-03-21 16:24:52,019 - 77 - INFO  - MSGBUS  - 
2015-03-21 16:25:03,881 - 97 - INFO  - ONEWIR  - /sys/bus/w1/devices/28-0314640daeff: 19.9
2015-03-21 16:25:03,885 - 65 - INFO  - ONEWIR  - open socket to message bus
2015-03-21 16:25:03,889 - 70 - INFO  - MSGBUS  - ('Connected by', ('127.0.0.1', 57263))
2015-03-21 16:25:03,892 - 69 - INFO  - ONEWIR  - send message [{"onewire":{"temp":19.9}]
2015-03-21 16:25:03,896 - 76 - INFO  - MSGBUS  - data received: {"onewire":{"temp":19.9}
2015-03-21 16:25:03,899 - 77 - INFO  - MSGBUS  - 
2015-03-21 16:25:15,731 - 97 - INFO  - ONEWIR  - /sys/bus/w1/devices/28-0314640daeff: 20.0
2015-03-21 16:25:15,735 - 65 - INFO  - ONEWIR  - open socket to message bus
2015-03-21 16:25:15,739 - 70 - INFO  - MSGBUS  - ('Connected by', ('127.0.0.1', 57264))
2015-03-21 16:25:15,742 - 69 - INFO  - ONEWIR  - send message [{"onewire":{"temp":20.0}]
2015-03-21 16:25:15,746 - 76 - INFO  - MSGBUS  - data received: {"onewire":{"temp":20.0}
2015-03-21 16:25:15,749 - 77 - INFO  - MSGBUS  - 
2015-03-21 16:25:39,411 - 97 - INFO  - ONEWIR  - /sys/bus/w1/devices/28-0314640daeff: 19.9
2015-03-21 16:25:39,415 - 65 - INFO  - ONEWIR  - open socket to message bus
2015-03-21 16:25:39,419 - 70 - INFO  - MSGBUS  - ('Connected by', ('127.0.0.1', 57265))
2015-03-21 16:25:39,422 - 69 - INFO  - ONEWIR  - send message [{"onewire":{"temp":19.9}]
2015-03-21 16:25:39,426 - 76 - INFO  - MSGBUS  - data received: {"onewire":{"temp":19.9}
2015-03-21 16:25:39,428 - 77 - INFO  - MSGBUS  - 
2015-03-21 16:41:02,181 - 97 - INFO  - ONEWIR  - /sys/bus/w1/devices/28-0314640daeff: 19.8
2015-03-21 16:41:02,185 - 65 - INFO  - ONEWIR  - open socket to message bus
2015-03-21 16:41:02,189 - 70 - INFO  - MSGBUS  - ('Connected by', ('127.0.0.1', 57266))
2015-03-21 16:41:02,193 - 69 - INFO  - ONEWIR  - send message [{"onewire":{"temp":19.8}]
2015-03-21 16:41:02,196 - 76 - INFO  - MSGBUS  - data received: {"onewire":{"temp":19.8}
2015-03-21 16:41:02,199 - 77 - INFO  - MSGBUS  - 
2015-03-21 17:00:21,581 - 97 - INFO  - ONEWIR  - /sys/bus/w1/devices/28-0314640daeff: 19.7
2015-03-21 17:00:21,585 - 65 - INFO  - ONEWIR  - open socket to message bus
2015-03-21 17:00:21,589 - 70 - INFO  - MSGBUS  - ('Connected by', ('127.0.0.1', 57267))
2015-03-21 17:00:21,592 - 69 - INFO  - ONEWIR  - send message [{"onewire":{"temp":19.7}]
2015-03-21 17:00:21,596 - 76 - INFO  - MSGBUS  - data received: {"onewire":{"temp":19.7}
2015-03-21 17:00:21,599 - 77 - INFO  - MSGBUS  - 
2015-03-21 17:00:33,431 - 97 - INFO  - ONEWIR  - /sys/bus/w1/devices/28-0314640daeff: 19.8
2015-03-21 17:00:33,433 - 65 - INFO  - ONEWIR  - open socket to message bus
2015-03-21 17:00:33,436 - 70 - INFO  - MSGBUS  - ('Connected by', ('127.0.0.1', 57268))
2015-03-21 17:00:33,438 - 69 - INFO  - ONEWIR  - send message [{"onewire":{"temp":19.8}]
2015-03-21 17:00:33,441 - 76 - INFO  - MSGBUS  - data received: {"onewire":{"temp":19.8}
2015-03-21 17:00:33,442 - 77 - INFO  - MSGBUS  - 
